2021-01-27 10:16:15,897 WARN  [main] root: Establish connection failed
2021-01-27 10:33:04,246 INFO  [main] root: Connected to: 127.0.0.1 : 8008
2021-01-27 10:33:04,248 INFO  [main] root: Connected to server
2021-01-27 10:33:09,551 INFO  [main] root: Send message:	 'GET xxxxx null'
2021-01-27 10:33:09,606 INFO  [main] root: Receive message:	 'GET_ERROR xxxxx'
2021-01-27 10:33:09,618 WARN  [main] root: Get failed: xxxxx was invalid
2021-01-27 11:40:12,167 INFO  [main] root: Connected to: 127.0.0.1 : 8008
2021-01-27 11:40:12,168 INFO  [main] root: Connected to server
2021-01-27 11:40:18,380 INFO  [main] root: Send message:	 'GET 1 null'
2021-01-27 11:40:18,434 INFO  [main] root: Receive message:	 'GET_ERROR 1'
2021-01-27 11:40:18,443 WARN  [main] root: Get failed: 1 was invalid
2021-01-27 11:40:21,112 INFO  [main] root: Send message:	 'GET 2 null'
2021-01-27 11:40:21,119 INFO  [main] root: Receive message:	 'GET_ERROR 2'
2021-01-27 11:40:21,121 WARN  [main] root: Get failed: 2 was invalid
2021-01-27 11:40:25,222 INFO  [main] root: Send message:	 'PUT 1 2'
2021-01-27 11:40:25,226 INFO  [main] root: Receive message:	 'PUT_SUCCESS 1 2'
2021-01-27 11:40:25,228 INFO  [main] root: Put succeed: (1,2)
2021-01-27 11:40:31,980 INFO  [main] root: Send message:	 'GET 2 null'
2021-01-27 11:40:31,984 INFO  [main] root: Receive message:	 'GET_ERROR 2'
2021-01-27 11:40:31,985 WARN  [main] root: Get failed: 2 was invalid
2021-01-27 11:40:34,201 INFO  [main] root: Send message:	 'GET 1 null'
2021-01-27 11:40:34,204 INFO  [main] root: Receive message:	 'GET_SUCCESS 1 2'
2021-01-27 11:40:34,205 INFO  [main] root: Get succeed: (1,2)
2021-01-27 11:40:40,711 INFO  [main] root: Send message:	 'PUT 3 4'
2021-01-27 11:40:40,714 INFO  [main] root: Receive message:	 'PUT_SUCCESS 3 4'
2021-01-27 11:40:40,716 INFO  [main] root: Put succeed: (3,4)
2021-01-27 11:40:42,256 INFO  [main] root: Send message:	 'PUT 5 6'
2021-01-27 11:40:42,259 INFO  [main] root: Receive message:	 'PUT_SUCCESS 5 6'
2021-01-27 11:40:42,260 INFO  [main] root: Put succeed: (5,6)
2021-01-27 11:49:21,462 INFO  [main] root: Connected to: 127.0.0.1 : 8008
2021-01-27 11:49:21,463 INFO  [main] root: Connected to server
2021-01-27 11:49:23,136 INFO  [main] root: Send message:	 'GET 3 null'
2021-01-27 11:49:23,190 INFO  [main] root: Receive message:	 'GET_ERROR 3'
2021-01-27 11:49:23,199 WARN  [main] root: Get failed: 3 was invalid
2021-01-27 11:49:30,781 INFO  [main] root: Send message:	 'PUT 3 3'
2021-01-27 11:49:30,787 INFO  [main] root: Receive message:	 'PUT_SUCCESS 3 3'
2021-01-27 11:49:30,789 INFO  [main] root: Put succeed: (3,3)
2021-01-27 11:49:40,758 INFO  [main] root: Send message:	 'PUT 4 4'
2021-01-27 11:49:40,762 INFO  [main] root: Receive message:	 'PUT_SUCCESS 4 4'
2021-01-27 11:49:40,763 INFO  [main] root: Put succeed: (4,4)
2021-01-27 12:26:16,310 INFO  [main] root: Connected to: 127.0.0.1 : 8008
2021-01-27 12:26:16,311 INFO  [main] root: Connected to server
2021-01-27 12:26:19,462 INFO  [main] root: Send message:	 'GET 3 null'
2021-01-27 13:31:54,479 INFO  [main] root: Connected to: 127.0.0.1 : 8008
2021-01-27 13:31:54,480 INFO  [main] root: Connected to server
2021-01-27 13:32:12,886 INFO  [main] root: Connected to: 127.0.0.1 : 8008
2021-01-27 13:32:12,887 INFO  [main] root: Connected to server
2021-01-27 13:32:22,264 INFO  [main] root: Send message:	 'GET 3 null'
2021-01-27 13:32:22,318 INFO  [main] root: Receive message:	 'GET_ERROR 3'
2021-01-27 13:32:22,330 WARN  [main] root: Get failed: 3 was invalid
2021-01-27 13:32:27,111 INFO  [main] root: Send message:	 'DELETE 3 null'
2021-01-27 13:32:27,116 INFO  [main] root: Receive message:	 'DELETE_ERROR 3 null'
2021-01-27 13:32:27,118 WARN  [main] root: Delete failed: 3 was invalid
2021-01-27 13:32:29,754 INFO  [main] root: Send message:	 'PUT 3 4'
2021-01-27 13:32:29,759 INFO  [main] root: Receive message:	 'PUT_SUCCESS 3 4'
2021-01-27 13:32:29,760 INFO  [main] root: Put succeed: (3,4)
2021-01-27 13:32:41,244 INFO  [main] root: Send message:	 'GET 3 null'
2021-01-27 13:32:41,255 INFO  [main] root: Receive message:	 'GET_SUCCESS 3 4'
2021-01-27 13:32:41,265 INFO  [main] root: Get succeed: (3,4)
2021-01-27 13:32:45,484 INFO  [main] root: Send message:	 'PUT 3 5'
2021-01-27 13:32:45,493 INFO  [main] root: Receive message:	 'PUT_UPDATE 3 5'
2021-01-27 13:32:45,496 INFO  [main] root: Update succeed: (3,5)
2021-01-27 13:32:53,164 INFO  [main] root: Send message:	 'GET 3 null'
2021-01-27 13:32:53,169 INFO  [main] root: Receive message:	 'GET_SUCCESS 3 5'
2021-01-27 13:32:53,170 INFO  [main] root: Get succeed: (3,5)
2021-01-27 13:33:12,149 INFO  [main] root: Send message:	 'PUT 4 6'
2021-01-27 13:33:12,159 INFO  [main] root: Receive message:	 'PUT_SUCCESS 4 6'
2021-01-27 13:33:12,160 INFO  [main] root: Put succeed: (4,6)
2021-01-27 13:33:12,702 INFO  [main] root: Send message:	 'PUT 4 5'
2021-01-27 13:33:12,709 INFO  [main] root: Receive message:	 'PUT_UPDATE 4 5'
2021-01-27 13:33:12,710 INFO  [main] root: Update succeed: (4,5)
2021-01-27 13:33:21,662 INFO  [main] root: Send message:	 'DELETE 4 null'
2021-01-27 13:33:21,667 INFO  [main] root: Receive message:	 'DELETE_SUCCESS 4 null'
2021-01-27 13:33:21,668 INFO  [main] root: Delete succeed: 4
2021-01-27 13:33:30,886 INFO  [main] root: Send message:	 'PUT 4 null'
2021-01-27 13:33:30,890 INFO  [main] root: Receive message:	 'PUT_SUCCESS 4 null'
2021-01-27 13:33:30,892 INFO  [main] root: Put succeed: (4,null)
2021-01-27 13:33:39,961 INFO  [main] root: Send message:	 'PUT 4 null'
2021-01-27 13:33:39,966 INFO  [main] root: Receive message:	 'PUT_UPDATE 4 null'
2021-01-27 13:33:39,968 INFO  [main] root: Update succeed: (4,null)
2021-01-27 13:33:45,376 INFO  [main] root: Send message:	 'PUT 4 nu'
2021-01-27 13:33:45,381 INFO  [main] root: Receive message:	 'PUT_UPDATE 4 nu'
2021-01-27 13:33:45,383 INFO  [main] root: Update succeed: (4,nu)
2021-01-27 13:38:46,030 INFO  [main] root: Connected to: 127.0.0.1 : 8008
2021-01-27 13:38:46,032 INFO  [main] root: Connected to server
2021-01-27 13:38:53,285 INFO  [main] root: Connected to: 127.0.0.1 : 8008
2021-01-27 13:38:53,287 INFO  [main] root: Connected to server
2021-01-27 13:39:00,903 INFO  [main] root: Send message:	 'GET 4 null'
2021-01-27 13:39:00,955 INFO  [main] root: Receive message:	 'GET_SUCCESS 4 nu'
2021-01-27 13:39:00,968 INFO  [main] root: Get succeed: (4,nu)
2021-01-27 13:43:39,750 INFO  [main] root: Connected to: 127.0.0.1 : 8008
2021-01-27 13:43:39,752 INFO  [main] root: Connected to server
2021-01-27 13:43:45,944 INFO  [main] root: Connected to: 127.0.0.1 : 8008
2021-01-27 13:43:45,946 INFO  [main] root: Connected to server
2021-01-27 13:43:54,879 INFO  [main] root: Send message:	 'GET 3 null'
2021-01-27 13:43:54,931 INFO  [main] root: Receive message:	 'GET_SUCCESS 3 5'
2021-01-27 13:43:54,942 INFO  [main] root: Get succeed: (3,5)
2021-01-27 13:44:19,768 INFO  [main] root: Send message:	 'GET 4 null'
2021-01-27 13:44:19,773 INFO  [main] root: Receive message:	 'GET_SUCCESS 4 nu'
2021-01-27 13:44:19,775 INFO  [main] root: Get succeed: (4,nu)
2021-01-27 13:44:28,913 INFO  [main] root: Send message:	 'GET 3 null'
2021-01-27 13:44:28,920 INFO  [main] root: Receive message:	 'GET_SUCCESS 3 5'
2021-01-27 13:44:28,932 INFO  [main] root: Get succeed: (3,5)
2021-01-27 13:44:43,520 INFO  [main] root: Send message:	 'PUT 1 1'
2021-01-27 13:44:43,525 INFO  [main] root: Receive message:	 'PUT_SUCCESS 1 1'
2021-01-27 13:44:43,526 INFO  [main] root: Put succeed: (1,1)
2021-01-27 13:44:45,116 INFO  [main] root: Send message:	 'PUT 1 2'
2021-01-27 13:44:45,125 INFO  [main] root: Receive message:	 'PUT_UPDATE 1 2'
2021-01-27 13:44:45,127 INFO  [main] root: Update succeed: (1,2)
2021-01-27 13:44:48,588 INFO  [main] root: Send message:	 'PUT 1 3'
2021-01-27 13:44:48,591 INFO  [main] root: Receive message:	 'PUT_UPDATE 1 3'
2021-01-27 13:44:48,593 INFO  [main] root: Update succeed: (1,3)
2021-01-27 13:44:57,365 INFO  [main] root: Send message:	 'PUT 2 3'
2021-01-27 13:44:57,368 INFO  [main] root: Receive message:	 'PUT_SUCCESS 2 3'
2021-01-27 13:44:57,370 INFO  [main] root: Put succeed: (2,3)
2021-01-27 13:45:02,814 INFO  [main] root: Send message:	 'PUT 4 5'
2021-01-27 13:45:02,817 INFO  [main] root: Receive message:	 'PUT_UPDATE 4 5'
2021-01-27 13:45:02,818 INFO  [main] root: Update succeed: (4,5)
2021-01-27 13:45:13,825 INFO  [main] root: Send message:	 'PUT 3 6'
2021-01-27 13:45:13,828 INFO  [main] root: Receive message:	 'PUT_UPDATE 3 6'
2021-01-27 13:45:13,829 INFO  [main] root: Update succeed: (3,6)
2021-01-27 13:45:22,980 INFO  [main] root: Send message:	 'DELETE 3 null'
2021-01-27 13:45:22,985 INFO  [main] root: Receive message:	 'DELETE_SUCCESS 3 null'
2021-01-27 13:45:22,986 INFO  [main] root: Delete succeed: 3
2021-01-27 13:45:26,166 INFO  [main] root: Send message:	 'DELETE 3 null'
2021-01-27 13:45:26,170 INFO  [main] root: Receive message:	 'DELETE_ERROR 3 null'
2021-01-27 13:45:26,172 WARN  [main] root: Delete failed: 3 was invalid
2021-01-27 13:45:36,347 INFO  [main] root: Send message:	 'PUT x y'
2021-01-27 13:45:36,352 INFO  [main] root: Receive message:	 'PUT_SUCCESS x y'
2021-01-27 13:45:36,353 INFO  [main] root: Put succeed: (x,y)
2021-01-27 13:45:45,826 INFO  [main] root: Send message:	 'PUT a b'
2021-01-27 13:45:45,830 INFO  [main] root: Receive message:	 'PUT_SUCCESS a b'
2021-01-27 13:45:45,831 INFO  [main] root: Put succeed: (a,b)
2021-01-27 13:45:48,526 INFO  [main] root: Send message:	 'PUT b c'
2021-01-27 13:45:48,530 INFO  [main] root: Receive message:	 'PUT_SUCCESS b c'
2021-01-27 13:45:48,531 INFO  [main] root: Put succeed: (b,c)
2021-01-27 13:45:56,155 INFO  [main] root: Send message:	 'PUT c d'
2021-01-27 13:45:56,159 INFO  [main] root: Receive message:	 'PUT_SUCCESS c d'
2021-01-27 13:45:56,160 INFO  [main] root: Put succeed: (c,d)
2021-01-27 13:45:58,098 INFO  [main] root: Send message:	 'PUT d e'
2021-01-27 13:45:58,103 INFO  [main] root: Receive message:	 'PUT_SUCCESS d e'
2021-01-27 13:45:58,104 INFO  [main] root: Put succeed: (d,e)
2021-01-27 13:46:02,908 INFO  [main] root: Send message:	 'PUT e f'
2021-01-27 13:46:02,911 INFO  [main] root: Receive message:	 'PUT_SUCCESS e f'
2021-01-27 13:46:02,913 INFO  [main] root: Put succeed: (e,f)
2021-01-27 13:46:09,809 INFO  [main] root: Send message:	 'PUT f g'
2021-01-27 13:46:09,813 INFO  [main] root: Receive message:	 'PUT_SUCCESS f g'
2021-01-27 13:46:09,815 INFO  [main] root: Put succeed: (f,g)
2021-01-27 13:46:20,459 INFO  [main] root: Send message:	 'PUT g h'
2021-01-27 13:46:20,463 INFO  [main] root: Receive message:	 'PUT_SUCCESS g h'
2021-01-27 13:46:20,465 INFO  [main] root: Put succeed: (g,h)
2021-01-27 13:46:45,357 INFO  [main] root: Send message:	 'PUT h i'
2021-01-27 13:46:45,362 INFO  [main] root: Receive message:	 'PUT_SUCCESS h i'
2021-01-27 13:46:45,363 INFO  [main] root: Put succeed: (h,i)
2021-01-27 13:46:56,670 INFO  [main] root: Send message:	 'PUT 4 5'
2021-01-27 13:46:56,673 INFO  [main] root: Receive message:	 'PUT_UPDATE 4 5'
2021-01-27 13:46:56,674 INFO  [main] root: Update succeed: (4,5)
2021-01-27 13:47:13,163 INFO  [main] root: Send message:	 'PUT 4 7'
2021-01-27 13:47:13,166 INFO  [main] root: Receive message:	 'PUT_UPDATE 4 7'
2021-01-27 13:47:13,167 INFO  [main] root: Update succeed: (4,7)
2021-01-27 13:47:24,919 INFO  [main] root: Send message:	 'PUT hong x'
2021-01-27 13:47:24,923 INFO  [main] root: Receive message:	 'PUT_SUCCESS hong x'
2021-01-27 13:47:24,925 INFO  [main] root: Put succeed: (hong,x)
2021-01-27 13:47:50,116 INFO  [main] root: Send message:	 'PUT canada toronto'
2021-01-27 13:47:50,121 INFO  [main] root: Receive message:	 'PUT_SUCCESS canada toronto'
2021-01-27 13:47:50,122 INFO  [main] root: Put succeed: (canada,toronto)
2021-01-27 13:48:08,091 INFO  [main] root: Socket disconnected.
2021-01-27 13:48:08,091 INFO  [main] root: Disconnected
2021-01-27 13:48:24,133 INFO  [main] root: Send message:	 'GET 1 null'
2021-01-27 13:48:24,136 INFO  [main] root: Receive message:	 'GET_SUCCESS 1 3'
2021-01-27 13:48:24,138 INFO  [main] root: Get succeed: (1,3)
2021-01-27 13:48:33,192 INFO  [main] root: Send message:	 'DELETE 4 null'
2021-01-27 13:48:33,197 INFO  [main] root: Receive message:	 'DELETE_SUCCESS 4 null'
2021-01-27 13:48:33,198 INFO  [main] root: Delete succeed: 4
2021-01-27 13:48:51,013 INFO  [main] root: Send message:	 'PUT hong xu'
2021-01-27 13:48:51,017 INFO  [main] root: Receive message:	 'PUT_UPDATE hong xu'
2021-01-27 13:48:51,018 INFO  [main] root: Update succeed: (hong,xu)
2021-01-27 13:49:02,877 INFO  [main] root: Socket disconnected.
2021-01-27 13:49:02,877 INFO  [main] root: Disconnected from server
