2021-02-23 15:53:53,748 INFO  [main] root: ECSClient: New Node added: server1
2021-02-23 15:53:53,749 INFO  [main] root: ECSClient: New Node added: server2
2021-02-23 15:53:53,749 INFO  [main] root: ECSClient: New Node added: server3
2021-02-23 15:53:53,749 INFO  [main] root: ECSClient: New Node added: server4
2021-02-23 15:53:53,749 INFO  [main] root: ECSClient: New Node added: server5
2021-02-23 15:53:53,750 INFO  [main] root: ECSClient: New Node added: server6
2021-02-23 15:53:53,750 INFO  [main] root: ECSClient: New Node added: server7
2021-02-23 15:53:53,750 INFO  [main] root: ECSClient: New Node added: server8
2021-02-23 15:56:03,055 INFO  [main] root: ECSClient: New Node added: server1
2021-02-23 15:56:03,055 INFO  [main] root: ECSClient: New Node added: server2
2021-02-23 15:56:03,056 INFO  [main] root: ECSClient: New Node added: server3
2021-02-23 15:56:03,056 INFO  [main] root: ECSClient: New Node added: server4
2021-02-23 15:56:03,056 INFO  [main] root: ECSClient: New Node added: server5
2021-02-23 15:56:03,056 INFO  [main] root: ECSClient: New Node added: server6
2021-02-23 15:56:03,056 INFO  [main] root: ECSClient: New Node added: server7
2021-02-23 15:56:03,057 INFO  [main] root: ECSClient: New Node added: server8
2021-02-23 15:57:35,251 INFO  [main] root: ECSClient: New Node added: server1
2021-02-23 15:57:35,251 INFO  [main] root: ECSClient: New Node added: server2
2021-02-23 15:57:35,251 INFO  [main] root: ECSClient: New Node added: server3
2021-02-23 15:57:35,252 INFO  [main] root: ECSClient: New Node added: server4
2021-02-23 15:57:35,252 INFO  [main] root: ECSClient: New Node added: server5
2021-02-23 15:57:35,252 INFO  [main] root: ECSClient: New Node added: server6
2021-02-23 15:57:35,252 INFO  [main] root: ECSClient: New Node added: server7
2021-02-23 15:57:35,252 INFO  [main] root: ECSClient: New Node added: server8
2021-02-23 15:58:58,482 INFO  [main] root: ECSClient: New Node added: server1
2021-02-23 15:58:58,483 INFO  [main] root: ECSClient: New Node added: server2
2021-02-23 15:58:58,483 INFO  [main] root: ECSClient: New Node added: server3
2021-02-23 15:58:58,483 INFO  [main] root: ECSClient: New Node added: server4
2021-02-23 15:58:58,483 INFO  [main] root: ECSClient: New Node added: server5
2021-02-23 15:58:58,483 INFO  [main] root: ECSClient: New Node added: server6
2021-02-23 15:58:58,484 INFO  [main] root: ECSClient: New Node added: server7
2021-02-23 15:58:58,484 INFO  [main] root: ECSClient: New Node added: server8
2021-02-23 17:22:13,581 INFO  [main] root: ECSClient: New Node added: server1
2021-02-23 17:22:13,582 INFO  [main] root: ECSClient: New Node added: server2
2021-02-23 17:22:13,583 INFO  [main] root: ECSClient: New Node added: server3
2021-02-23 17:22:13,583 INFO  [main] root: ECSClient: New Node added: server4
2021-02-23 17:22:13,583 INFO  [main] root: ECSClient: New Node added: server5
2021-02-23 17:22:13,583 INFO  [main] root: ECSClient: New Node added: server6
2021-02-23 17:22:13,583 INFO  [main] root: ECSClient: New Node added: server7
2021-02-23 17:22:13,584 INFO  [main] root: ECSClient: New Node added: server8
2021-02-23 17:46:17,002 INFO  [main] root: ECSClient: New Node added: server1
2021-02-23 17:46:17,003 INFO  [main] root: ECSClient: New Node added: server2
2021-02-23 17:46:17,004 INFO  [main] root: ECSClient: New Node added: server3
2021-02-23 17:46:17,004 INFO  [main] root: ECSClient: New Node added: server4
2021-02-23 17:46:17,004 INFO  [main] root: ECSClient: New Node added: server5
2021-02-23 17:46:17,004 INFO  [main] root: ECSClient: New Node added: server6
2021-02-23 17:46:17,004 INFO  [main] root: ECSClient: New Node added: server7
2021-02-23 17:46:17,005 INFO  [main] root: ECSClient: New Node added: server8
2021-02-23 17:46:45,327 INFO  [main] root: Add ECSNode server1:50000
2021-02-23 17:46:45,327 WARN  [main] root: No server exist yet. No data to transfer to node server1
2021-02-23 17:50:18,798 INFO  [main] root: Add ECSNode server2:50001
2021-02-23 17:50:18,798 INFO  [main] root: next node found-------starting transfering data fromserver1 to server2
2021-02-23 17:53:23,437 INFO  [main] root: ECSClient: New Node added: server1
2021-02-23 17:53:23,438 INFO  [main] root: ECSClient: New Node added: server2
2021-02-23 17:53:23,438 INFO  [main] root: ECSClient: New Node added: server3
2021-02-23 17:53:23,439 INFO  [main] root: ECSClient: New Node added: server4
2021-02-23 17:53:23,439 INFO  [main] root: ECSClient: New Node added: server5
2021-02-23 17:53:23,439 INFO  [main] root: ECSClient: New Node added: server6
2021-02-23 17:53:23,439 INFO  [main] root: ECSClient: New Node added: server7
2021-02-23 17:53:23,440 INFO  [main] root: ECSClient: New Node added: server8
2021-02-23 17:53:47,808 INFO  [main] root: Add ECSNode server1:50000
2021-02-23 17:53:47,808 WARN  [main] root: No server exist yet. No data to transfer to node server1
2021-02-23 18:07:52,536 INFO  [main] root: ECSClient: New Node added: server1
2021-02-23 18:07:52,537 INFO  [main] root: ECSClient: New Node added: server2
2021-02-23 18:07:52,537 INFO  [main] root: ECSClient: New Node added: server3
2021-02-23 18:07:52,537 INFO  [main] root: ECSClient: New Node added: server4
2021-02-23 18:07:52,537 INFO  [main] root: ECSClient: New Node added: server5
2021-02-23 18:07:52,537 INFO  [main] root: ECSClient: New Node added: server6
2021-02-23 18:07:52,538 INFO  [main] root: ECSClient: New Node added: server7
2021-02-23 18:07:52,538 INFO  [main] root: ECSClient: New Node added: server8
2021-02-23 18:18:04,634 INFO  [main] root: Add ECSNode server1:50000
2021-02-23 18:18:04,635 WARN  [main] root: No server exist yet. No data to transfer to node server1
2021-02-23 18:19:47,997 INFO  [main] root: ECSClient: New Node added: server1
2021-02-23 18:19:47,998 INFO  [main] root: ECSClient: New Node added: server2
2021-02-23 18:19:47,998 INFO  [main] root: ECSClient: New Node added: server3
2021-02-23 18:19:47,998 INFO  [main] root: ECSClient: New Node added: server4
2021-02-23 18:19:47,998 INFO  [main] root: ECSClient: New Node added: server5
2021-02-23 18:19:47,998 INFO  [main] root: ECSClient: New Node added: server6
2021-02-23 18:19:47,999 INFO  [main] root: ECSClient: New Node added: server7
2021-02-23 18:19:47,999 INFO  [main] root: ECSClient: New Node added: server8
2021-02-23 18:22:30,628 INFO  [main] root: ECSClient: New Node added: server1
2021-02-23 18:22:30,628 INFO  [main] root: ECSClient: New Node added: server2
2021-02-23 18:22:30,629 INFO  [main] root: ECSClient: New Node added: server3
2021-02-23 18:22:30,629 INFO  [main] root: ECSClient: New Node added: server4
2021-02-23 18:22:30,629 INFO  [main] root: ECSClient: New Node added: server5
2021-02-23 18:22:30,629 INFO  [main] root: ECSClient: New Node added: server6
2021-02-23 18:22:30,629 INFO  [main] root: ECSClient: New Node added: server7
2021-02-23 18:22:30,629 INFO  [main] root: ECSClient: New Node added: server8
2021-02-23 18:23:28,087 INFO  [main] root: Add ECSNode server1:50000
2021-02-23 18:23:28,088 WARN  [main] root: No server exist yet. No data to transfer to node server1
2021-02-23 18:29:11,215 INFO  [main] root: Add ECSNode server2:50001
2021-02-23 18:29:11,215 INFO  [main] root: next node found-------starting transfering data fromserver1 to server2
2021-02-23 18:47:50,715 INFO  [main] root: ECSClient: New Node added: server1
2021-02-23 18:47:50,716 INFO  [main] root: ECSClient: New Node added: server2
2021-02-23 18:47:50,716 INFO  [main] root: ECSClient: New Node added: server3
2021-02-23 18:47:50,716 INFO  [main] root: ECSClient: New Node added: server4
2021-02-23 18:47:50,716 INFO  [main] root: ECSClient: New Node added: server5
2021-02-23 18:47:50,717 INFO  [main] root: ECSClient: New Node added: server6
2021-02-23 18:47:50,717 INFO  [main] root: ECSClient: New Node added: server7
2021-02-23 18:47:50,717 INFO  [main] root: ECSClient: New Node added: server8
2021-02-23 18:48:13,514 INFO  [main] root: ECSClient: New Node added: server1
2021-02-23 18:48:13,515 INFO  [main] root: ECSClient: New Node added: server2
2021-02-23 18:48:13,515 INFO  [main] root: ECSClient: New Node added: server3
2021-02-23 18:48:13,515 INFO  [main] root: ECSClient: New Node added: server4
2021-02-23 18:48:13,515 INFO  [main] root: ECSClient: New Node added: server5
2021-02-23 18:48:13,515 INFO  [main] root: ECSClient: New Node added: server6
2021-02-23 18:48:13,515 INFO  [main] root: ECSClient: New Node added: server7
2021-02-23 18:48:13,516 INFO  [main] root: ECSClient: New Node added: server8
2021-02-23 18:48:50,921 INFO  [main] root: Add ECSNode server1:50000
2021-02-23 18:48:50,921 WARN  [main] root: No server exist yet. No data to transfer to node server1
2021-02-23 18:50:56,146 INFO  [main] root: ECSClient: New Node added: server1
2021-02-23 18:50:56,147 INFO  [main] root: ECSClient: New Node added: server2
2021-02-23 18:50:56,147 INFO  [main] root: ECSClient: New Node added: server3
2021-02-23 18:50:56,147 INFO  [main] root: ECSClient: New Node added: server4
2021-02-23 18:50:56,147 INFO  [main] root: ECSClient: New Node added: server5
2021-02-23 18:50:56,148 INFO  [main] root: ECSClient: New Node added: server6
2021-02-23 18:50:56,148 INFO  [main] root: ECSClient: New Node added: server7
2021-02-23 18:50:56,148 INFO  [main] root: ECSClient: New Node added: server8
2021-02-23 18:51:16,306 INFO  [main] root: ECSClient: New Node added: server1
2021-02-23 18:51:16,306 INFO  [main] root: ECSClient: New Node added: server2
2021-02-23 18:51:16,306 INFO  [main] root: ECSClient: New Node added: server3
2021-02-23 18:51:16,307 INFO  [main] root: ECSClient: New Node added: server4
2021-02-23 18:51:16,307 INFO  [main] root: ECSClient: New Node added: server5
2021-02-23 18:51:16,307 INFO  [main] root: ECSClient: New Node added: server6
2021-02-23 18:51:16,307 INFO  [main] root: ECSClient: New Node added: server7
2021-02-23 18:51:16,307 INFO  [main] root: ECSClient: New Node added: server8
2021-02-23 18:51:34,207 INFO  [main] root: Add ECSNode server1:50000
2021-02-23 18:51:34,208 WARN  [main] root: No server exist yet. No data to transfer to node server1
2021-02-23 20:07:41,414 INFO  [main] root: ECSClient: New Node added: server1
2021-02-23 20:07:41,414 INFO  [main] root: ECSClient: New Node added: server2
2021-02-23 20:07:41,415 INFO  [main] root: ECSClient: New Node added: server3
2021-02-23 20:07:41,415 INFO  [main] root: ECSClient: New Node added: server4
2021-02-23 20:07:41,415 INFO  [main] root: ECSClient: New Node added: server5
2021-02-23 20:07:41,415 INFO  [main] root: ECSClient: New Node added: server6
2021-02-23 20:07:41,415 INFO  [main] root: ECSClient: New Node added: server7
2021-02-23 20:07:41,415 INFO  [main] root: ECSClient: New Node added: server8
2021-02-23 20:07:54,127 INFO  [main] root: Add ECSNode server1:50000
2021-02-23 20:07:54,127 WARN  [main] root: No server exist yet. No data to transfer to node server1
2021-02-23 20:09:48,481 INFO  [main] root: ECSClient: New Node added: server1
2021-02-23 20:09:48,482 INFO  [main] root: ECSClient: New Node added: server2
2021-02-23 20:09:48,482 INFO  [main] root: ECSClient: New Node added: server3
2021-02-23 20:09:48,482 INFO  [main] root: ECSClient: New Node added: server4
2021-02-23 20:09:48,482 INFO  [main] root: ECSClient: New Node added: server5
2021-02-23 20:09:48,482 INFO  [main] root: ECSClient: New Node added: server6
2021-02-23 20:09:48,482 INFO  [main] root: ECSClient: New Node added: server7
2021-02-23 20:09:48,482 INFO  [main] root: ECSClient: New Node added: server8
2021-02-23 20:10:02,505 INFO  [main] root: Add ECSNode server1:50000
2021-02-23 20:10:02,506 WARN  [main] root: No server exist yet. No data to transfer to node server1
2021-02-23 20:12:35,888 INFO  [main] root: ECSClient: New Node added: server1
2021-02-23 20:12:35,889 INFO  [main] root: ECSClient: New Node added: server2
2021-02-23 20:12:35,889 INFO  [main] root: ECSClient: New Node added: server3
2021-02-23 20:12:35,889 INFO  [main] root: ECSClient: New Node added: server4
2021-02-23 20:12:35,889 INFO  [main] root: ECSClient: New Node added: server5
2021-02-23 20:12:35,889 INFO  [main] root: ECSClient: New Node added: server6
2021-02-23 20:12:35,889 INFO  [main] root: ECSClient: New Node added: server7
2021-02-23 20:12:35,890 INFO  [main] root: ECSClient: New Node added: server8
2021-02-23 20:12:55,342 INFO  [main] root: Add ECSNode server1:50000
2021-02-23 20:12:55,342 WARN  [main] root: No server exist yet. No data to transfer to node server1
2021-02-23 20:15:52,618 INFO  [main] root: ECSClient: New Node added: server1
2021-02-23 20:15:52,619 INFO  [main] root: ECSClient: New Node added: server2
2021-02-23 20:15:52,619 INFO  [main] root: ECSClient: New Node added: server3
2021-02-23 20:15:52,619 INFO  [main] root: ECSClient: New Node added: server4
2021-02-23 20:15:52,619 INFO  [main] root: ECSClient: New Node added: server5
2021-02-23 20:15:52,619 INFO  [main] root: ECSClient: New Node added: server6
2021-02-23 20:15:52,620 INFO  [main] root: ECSClient: New Node added: server7
2021-02-23 20:15:52,620 INFO  [main] root: ECSClient: New Node added: server8
2021-02-23 20:16:13,643 INFO  [main] root: Add ECSNode server1:50000
2021-02-23 20:16:13,643 WARN  [main] root: No server exist yet. No data to transfer to node server1
2021-02-23 20:19:59,426 INFO  [main] root: ECSClient: New Node added: server1
2021-02-23 20:19:59,426 INFO  [main] root: ECSClient: New Node added: server2
2021-02-23 20:19:59,426 INFO  [main] root: ECSClient: New Node added: server3
2021-02-23 20:19:59,426 INFO  [main] root: ECSClient: New Node added: server4
2021-02-23 20:19:59,427 INFO  [main] root: ECSClient: New Node added: server5
2021-02-23 20:19:59,427 INFO  [main] root: ECSClient: New Node added: server6
2021-02-23 20:19:59,427 INFO  [main] root: ECSClient: New Node added: server7
2021-02-23 20:19:59,427 INFO  [main] root: ECSClient: New Node added: server8
2021-02-23 20:20:42,139 INFO  [main] root: Add ECSNode server1:50000
2021-02-23 20:20:42,140 WARN  [main] root: No server exist yet. No data to transfer to node server1
2021-02-23 20:22:36,579 INFO  [main] root: ECSClient: New Node added: server1
2021-02-23 20:22:36,580 INFO  [main] root: ECSClient: New Node added: server2
2021-02-23 20:22:36,580 INFO  [main] root: ECSClient: New Node added: server3
2021-02-23 20:22:36,580 INFO  [main] root: ECSClient: New Node added: server4
2021-02-23 20:22:36,580 INFO  [main] root: ECSClient: New Node added: server5
2021-02-23 20:22:36,581 INFO  [main] root: ECSClient: New Node added: server6
2021-02-23 20:22:36,581 INFO  [main] root: ECSClient: New Node added: server7
2021-02-23 20:22:36,581 INFO  [main] root: ECSClient: New Node added: server8
2021-02-23 20:24:50,668 INFO  [main] root: ECSClient: New Node added: server1
2021-02-23 20:24:50,669 INFO  [main] root: ECSClient: New Node added: server2
2021-02-23 20:24:50,669 INFO  [main] root: ECSClient: New Node added: server3
2021-02-23 20:24:50,669 INFO  [main] root: ECSClient: New Node added: server4
2021-02-23 20:24:50,669 INFO  [main] root: ECSClient: New Node added: server5
2021-02-23 20:24:50,670 INFO  [main] root: ECSClient: New Node added: server6
2021-02-23 20:24:50,670 INFO  [main] root: ECSClient: New Node added: server7
2021-02-23 20:24:50,670 INFO  [main] root: ECSClient: New Node added: server8
2021-02-23 20:28:23,666 INFO  [main] root: ECSClient: New Node added: server1
2021-02-23 20:28:23,667 INFO  [main] root: ECSClient: New Node added: server2
2021-02-23 20:28:23,667 INFO  [main] root: ECSClient: New Node added: server3
2021-02-23 20:28:23,667 INFO  [main] root: ECSClient: New Node added: server4
2021-02-23 20:28:23,667 INFO  [main] root: ECSClient: New Node added: server5
2021-02-23 20:28:23,668 INFO  [main] root: ECSClient: New Node added: server6
2021-02-23 20:28:23,668 INFO  [main] root: ECSClient: New Node added: server7
2021-02-23 20:28:23,668 INFO  [main] root: ECSClient: New Node added: server8
2021-02-23 20:29:13,102 INFO  [main] root: ECSClient: New Node added: server1
2021-02-23 20:29:13,103 INFO  [main] root: ECSClient: New Node added: server2
2021-02-23 20:29:13,103 INFO  [main] root: ECSClient: New Node added: server3
2021-02-23 20:29:13,103 INFO  [main] root: ECSClient: New Node added: server4
2021-02-23 20:29:13,103 INFO  [main] root: ECSClient: New Node added: server5
2021-02-23 20:29:13,103 INFO  [main] root: ECSClient: New Node added: server6
2021-02-23 20:29:13,103 INFO  [main] root: ECSClient: New Node added: server7
2021-02-23 20:29:13,103 INFO  [main] root: ECSClient: New Node added: server8
2021-02-23 20:35:14,975 INFO  [main] root: ECSClient: New Node added: server1
2021-02-23 20:35:14,976 INFO  [main] root: ECSClient: New Node added: server2
2021-02-23 20:35:14,976 INFO  [main] root: ECSClient: New Node added: server3
2021-02-23 20:35:14,976 INFO  [main] root: ECSClient: New Node added: server4
2021-02-23 20:35:14,976 INFO  [main] root: ECSClient: New Node added: server5
2021-02-23 20:35:14,976 INFO  [main] root: ECSClient: New Node added: server6
2021-02-23 20:35:14,976 INFO  [main] root: ECSClient: New Node added: server7
2021-02-23 20:35:14,976 INFO  [main] root: ECSClient: New Node added: server8
2021-02-23 20:35:42,940 INFO  [main] root: Add ECSNode server1:50000
2021-02-23 20:35:42,940 WARN  [main] root: No server exist yet. No data to transfer to node server1
2021-02-23 20:36:31,432 INFO  [main] root: ECSClient: New Node added: server1
2021-02-23 20:36:31,432 INFO  [main] root: ECSClient: New Node added: server2
2021-02-23 20:36:31,432 INFO  [main] root: ECSClient: New Node added: server3
2021-02-23 20:36:31,432 INFO  [main] root: ECSClient: New Node added: server4
2021-02-23 20:36:31,432 INFO  [main] root: ECSClient: New Node added: server5
2021-02-23 20:36:31,433 INFO  [main] root: ECSClient: New Node added: server6
2021-02-23 20:36:31,433 INFO  [main] root: ECSClient: New Node added: server7
2021-02-23 20:36:31,433 INFO  [main] root: ECSClient: New Node added: server8
2021-02-23 20:39:05,798 INFO  [main] root: ECSClient: New Node added: server1
2021-02-23 20:39:05,799 INFO  [main] root: ECSClient: New Node added: server2
2021-02-23 20:39:05,799 INFO  [main] root: ECSClient: New Node added: server3
2021-02-23 20:39:05,799 INFO  [main] root: ECSClient: New Node added: server4
2021-02-23 20:39:05,799 INFO  [main] root: ECSClient: New Node added: server5
2021-02-23 20:39:05,799 INFO  [main] root: ECSClient: New Node added: server6
2021-02-23 20:39:05,799 INFO  [main] root: ECSClient: New Node added: server7
2021-02-23 20:39:05,799 INFO  [main] root: ECSClient: New Node added: server8
2021-02-23 20:43:34,790 INFO  [main] root: ECSClient: New Node added: server1
2021-02-23 20:43:34,790 INFO  [main] root: ECSClient: New Node added: server2
2021-02-23 20:43:34,790 INFO  [main] root: ECSClient: New Node added: server3
2021-02-23 20:43:34,790 INFO  [main] root: ECSClient: New Node added: server4
2021-02-23 20:43:34,791 INFO  [main] root: ECSClient: New Node added: server5
2021-02-23 20:43:34,791 INFO  [main] root: ECSClient: New Node added: server6
2021-02-23 20:43:34,791 INFO  [main] root: ECSClient: New Node added: server7
2021-02-23 20:43:34,791 INFO  [main] root: ECSClient: New Node added: server8
2021-02-23 20:51:52,046 INFO  [main] root: ECSClient: New Node added: server1
2021-02-23 20:51:52,047 INFO  [main] root: ECSClient: New Node added: server2
2021-02-23 20:51:52,047 INFO  [main] root: ECSClient: New Node added: server3
2021-02-23 20:51:52,048 INFO  [main] root: ECSClient: New Node added: server4
2021-02-23 20:51:52,048 INFO  [main] root: ECSClient: New Node added: server5
2021-02-23 20:51:52,048 INFO  [main] root: ECSClient: New Node added: server6
2021-02-23 20:51:52,048 INFO  [main] root: ECSClient: New Node added: server7
2021-02-23 20:51:52,048 INFO  [main] root: ECSClient: New Node added: server8
2021-02-23 20:58:49,646 INFO  [main] root: ECSClient: New Node added: server1
2021-02-23 20:58:49,647 INFO  [main] root: ECSClient: New Node added: server2
2021-02-23 20:58:49,648 INFO  [main] root: ECSClient: New Node added: server3
2021-02-23 20:58:49,648 INFO  [main] root: ECSClient: New Node added: server4
2021-02-23 20:58:49,648 INFO  [main] root: ECSClient: New Node added: server5
2021-02-23 20:58:49,648 INFO  [main] root: ECSClient: New Node added: server6
2021-02-23 20:58:49,648 INFO  [main] root: ECSClient: New Node added: server7
2021-02-23 20:58:49,648 INFO  [main] root: ECSClient: New Node added: server8
2021-02-23 21:01:48,664 INFO  [main] root: ECSClient: New Node added: server1
2021-02-23 21:01:48,665 INFO  [main] root: ECSClient: New Node added: server2
2021-02-23 21:01:48,665 INFO  [main] root: ECSClient: New Node added: server3
2021-02-23 21:01:48,665 INFO  [main] root: ECSClient: New Node added: server4
2021-02-23 21:01:48,665 INFO  [main] root: ECSClient: New Node added: server5
2021-02-23 21:01:48,666 INFO  [main] root: ECSClient: New Node added: server6
2021-02-23 21:01:48,666 INFO  [main] root: ECSClient: New Node added: server7
2021-02-23 21:01:48,666 INFO  [main] root: ECSClient: New Node added: server8
2021-02-23 21:05:23,313 INFO  [main] root: ECSClient: New Node added: server1
2021-02-23 21:05:23,313 INFO  [main] root: ECSClient: New Node added: server2
2021-02-23 21:05:23,314 INFO  [main] root: ECSClient: New Node added: server3
2021-02-23 21:05:23,314 INFO  [main] root: ECSClient: New Node added: server4
2021-02-23 21:05:23,314 INFO  [main] root: ECSClient: New Node added: server5
2021-02-23 21:05:23,314 INFO  [main] root: ECSClient: New Node added: server6
2021-02-23 21:05:23,314 INFO  [main] root: ECSClient: New Node added: server7
2021-02-23 21:05:23,315 INFO  [main] root: ECSClient: New Node added: server8
2021-02-23 21:24:10,437 INFO  [main] root: ECSClient: New Node added: server1
2021-02-23 21:24:10,438 INFO  [main] root: ECSClient: New Node added: server2
2021-02-23 21:24:10,438 INFO  [main] root: ECSClient: New Node added: server3
2021-02-23 21:24:10,438 INFO  [main] root: ECSClient: New Node added: server4
2021-02-23 21:24:10,439 INFO  [main] root: ECSClient: New Node added: server5
2021-02-23 21:24:10,439 INFO  [main] root: ECSClient: New Node added: server6
2021-02-23 21:24:10,439 INFO  [main] root: ECSClient: New Node added: server7
2021-02-23 21:24:10,439 INFO  [main] root: ECSClient: New Node added: server8
2021-02-23 21:24:52,043 INFO  [main] root: ECSClient: New Node added: server1
2021-02-23 21:24:52,043 INFO  [main] root: ECSClient: New Node added: server2
2021-02-23 21:24:52,043 INFO  [main] root: ECSClient: New Node added: server3
2021-02-23 21:24:52,043 INFO  [main] root: ECSClient: New Node added: server4
2021-02-23 21:24:52,043 INFO  [main] root: ECSClient: New Node added: server5
2021-02-23 21:24:52,044 INFO  [main] root: ECSClient: New Node added: server6
2021-02-23 21:24:52,044 INFO  [main] root: ECSClient: New Node added: server7
2021-02-23 21:24:52,044 INFO  [main] root: ECSClient: New Node added: server8
2021-02-23 21:26:40,447 INFO  [main] root: ECSClient: New Node added: server1
2021-02-23 21:26:40,447 INFO  [main] root: ECSClient: New Node added: server2
2021-02-23 21:26:40,448 INFO  [main] root: ECSClient: New Node added: server3
2021-02-23 21:26:40,448 INFO  [main] root: ECSClient: New Node added: server4
2021-02-23 21:26:40,448 INFO  [main] root: ECSClient: New Node added: server5
2021-02-23 21:26:40,448 INFO  [main] root: ECSClient: New Node added: server6
2021-02-23 21:26:40,448 INFO  [main] root: ECSClient: New Node added: server7
2021-02-23 21:26:40,449 INFO  [main] root: ECSClient: New Node added: server8
2021-02-23 21:27:04,562 INFO  [main] root: ECSClient: New Node added: server1
2021-02-23 21:27:04,563 INFO  [main] root: ECSClient: New Node added: server2
2021-02-23 21:27:04,563 INFO  [main] root: ECSClient: New Node added: server3
2021-02-23 21:27:04,563 INFO  [main] root: ECSClient: New Node added: server4
2021-02-23 21:27:04,564 INFO  [main] root: ECSClient: New Node added: server5
2021-02-23 21:27:04,564 INFO  [main] root: ECSClient: New Node added: server6
2021-02-23 21:27:04,564 INFO  [main] root: ECSClient: New Node added: server7
2021-02-23 21:27:04,564 INFO  [main] root: ECSClient: New Node added: server8
2021-02-23 21:30:15,530 INFO  [main] root: ECSClient: New Node added: server1
2021-02-23 21:30:15,531 INFO  [main] root: ECSClient: New Node added: server2
2021-02-23 21:30:15,532 INFO  [main] root: ECSClient: New Node added: server3
2021-02-23 21:30:15,532 INFO  [main] root: ECSClient: New Node added: server4
2021-02-23 21:30:15,532 INFO  [main] root: ECSClient: New Node added: server5
2021-02-23 21:30:15,532 INFO  [main] root: ECSClient: New Node added: server6
2021-02-23 21:30:15,533 INFO  [main] root: ECSClient: New Node added: server7
2021-02-23 21:30:15,533 INFO  [main] root: ECSClient: New Node added: server8
2021-02-23 21:30:35,818 INFO  [main] root: Add ECSNode server1:50000
2021-02-23 21:30:35,818 WARN  [main] root: No server exist yet. No data to transfer to node server1
2021-02-23 21:34:40,303 INFO  [main] root: ECSClient: New Node added: server1
2021-02-23 21:34:40,304 INFO  [main] root: ECSClient: New Node added: server2
2021-02-23 21:34:40,304 INFO  [main] root: ECSClient: New Node added: server3
2021-02-23 21:34:40,305 INFO  [main] root: ECSClient: New Node added: server4
2021-02-23 21:34:40,305 INFO  [main] root: ECSClient: New Node added: server5
2021-02-23 21:34:40,305 INFO  [main] root: ECSClient: New Node added: server6
2021-02-23 21:34:40,305 INFO  [main] root: ECSClient: New Node added: server7
2021-02-23 21:34:40,305 INFO  [main] root: ECSClient: New Node added: server8
2021-02-23 21:37:11,225 INFO  [main] root: ECSClient: New Node added: server1
2021-02-23 21:37:11,225 INFO  [main] root: ECSClient: New Node added: server2
2021-02-23 21:37:11,225 INFO  [main] root: ECSClient: New Node added: server3
2021-02-23 21:37:11,226 INFO  [main] root: ECSClient: New Node added: server4
2021-02-23 21:37:11,226 INFO  [main] root: ECSClient: New Node added: server5
2021-02-23 21:37:11,226 INFO  [main] root: ECSClient: New Node added: server6
2021-02-23 21:37:11,226 INFO  [main] root: ECSClient: New Node added: server7
2021-02-23 21:37:11,226 INFO  [main] root: ECSClient: New Node added: server8
2021-02-23 21:41:22,032 INFO  [main] root: ECSClient: New Node added: server1
2021-02-23 21:41:22,033 INFO  [main] root: ECSClient: New Node added: server2
2021-02-23 21:41:22,034 INFO  [main] root: ECSClient: New Node added: server3
2021-02-23 21:41:22,034 INFO  [main] root: ECSClient: New Node added: server4
2021-02-23 21:41:22,034 INFO  [main] root: ECSClient: New Node added: server5
2021-02-23 21:41:22,034 INFO  [main] root: ECSClient: New Node added: server6
2021-02-23 21:41:22,034 INFO  [main] root: ECSClient: New Node added: server7
2021-02-23 21:41:22,035 INFO  [main] root: ECSClient: New Node added: server8
2021-02-23 21:41:47,061 INFO  [main] root: ECSClient: New Node added: server1
2021-02-23 21:41:47,062 INFO  [main] root: ECSClient: New Node added: server2
2021-02-23 21:41:47,062 INFO  [main] root: ECSClient: New Node added: server3
2021-02-23 21:41:47,062 INFO  [main] root: ECSClient: New Node added: server4
2021-02-23 21:41:47,062 INFO  [main] root: ECSClient: New Node added: server5
2021-02-23 21:41:47,062 INFO  [main] root: ECSClient: New Node added: server6
2021-02-23 21:41:47,063 INFO  [main] root: ECSClient: New Node added: server7
2021-02-23 21:41:47,063 INFO  [main] root: ECSClient: New Node added: server8
2021-02-23 21:42:02,672 INFO  [main] root: Add ECSNode server1:50000
2021-02-23 21:42:02,673 WARN  [main] root: No server exist yet. No data to transfer to node server1
2021-02-23 21:45:48,835 INFO  [main] root: ECSClient: New Node added: server1
2021-02-23 21:45:48,835 INFO  [main] root: ECSClient: New Node added: server2
2021-02-23 21:45:48,836 INFO  [main] root: ECSClient: New Node added: server3
2021-02-23 21:45:48,836 INFO  [main] root: ECSClient: New Node added: server4
2021-02-23 21:45:48,836 INFO  [main] root: ECSClient: New Node added: server5
2021-02-23 21:45:48,836 INFO  [main] root: ECSClient: New Node added: server6
2021-02-23 21:45:48,836 INFO  [main] root: ECSClient: New Node added: server7
2021-02-23 21:45:48,836 INFO  [main] root: ECSClient: New Node added: server8
2021-02-23 21:46:03,537 INFO  [main] root: Add ECSNode server1:50000
2021-02-23 21:46:03,538 WARN  [main] root: No server exist yet. No data to transfer to node server1
2021-02-23 22:10:22,256 INFO  [main] root: ECSClient: New Node added: server1
2021-02-23 22:10:22,257 INFO  [main] root: ECSClient: New Node added: server2
2021-02-23 22:10:22,257 INFO  [main] root: ECSClient: New Node added: server3
2021-02-23 22:10:22,257 INFO  [main] root: ECSClient: New Node added: server4
2021-02-23 22:10:22,258 INFO  [main] root: ECSClient: New Node added: server5
2021-02-23 22:10:22,258 INFO  [main] root: ECSClient: New Node added: server6
2021-02-23 22:10:22,258 INFO  [main] root: ECSClient: New Node added: server7
2021-02-23 22:10:22,258 INFO  [main] root: ECSClient: New Node added: server8
2021-02-23 22:10:32,336 INFO  [main] root: Add ECSNode server1:50000
2021-02-23 22:10:32,336 WARN  [main] root: No server exist yet. No data to transfer to node server1
2021-02-23 22:15:12,394 INFO  [main] root: ECSClient: New Node added: server1
2021-02-23 22:15:12,395 INFO  [main] root: ECSClient: New Node added: server2
2021-02-23 22:15:12,395 INFO  [main] root: ECSClient: New Node added: server3
2021-02-23 22:15:12,395 INFO  [main] root: ECSClient: New Node added: server4
2021-02-23 22:15:12,395 INFO  [main] root: ECSClient: New Node added: server5
2021-02-23 22:15:12,395 INFO  [main] root: ECSClient: New Node added: server6
2021-02-23 22:15:12,396 INFO  [main] root: ECSClient: New Node added: server7
2021-02-23 22:15:12,396 INFO  [main] root: ECSClient: New Node added: server8
2021-02-23 22:17:04,790 INFO  [main] root: ECSClient: New Node added: server1
2021-02-23 22:17:04,791 INFO  [main] root: ECSClient: New Node added: server2
2021-02-23 22:17:04,791 INFO  [main] root: ECSClient: New Node added: server3
2021-02-23 22:17:04,791 INFO  [main] root: ECSClient: New Node added: server4
2021-02-23 22:17:04,791 INFO  [main] root: ECSClient: New Node added: server5
2021-02-23 22:17:04,791 INFO  [main] root: ECSClient: New Node added: server6
2021-02-23 22:17:04,792 INFO  [main] root: ECSClient: New Node added: server7
2021-02-23 22:17:04,792 INFO  [main] root: ECSClient: New Node added: server8
2021-02-23 22:17:24,562 INFO  [main] root: Add ECSNode server1:50000
2021-02-23 22:17:24,562 WARN  [main] root: No server exist yet. No data to transfer to node server1
2021-02-23 22:23:28,372 INFO  [main] root: ECSClient: New Node added: server1
2021-02-23 22:23:28,373 INFO  [main] root: ECSClient: New Node added: server2
2021-02-23 22:23:28,373 INFO  [main] root: ECSClient: New Node added: server3
2021-02-23 22:23:28,373 INFO  [main] root: ECSClient: New Node added: server4
2021-02-23 22:23:28,373 INFO  [main] root: ECSClient: New Node added: server5
2021-02-23 22:23:28,374 INFO  [main] root: ECSClient: New Node added: server6
2021-02-23 22:23:28,374 INFO  [main] root: ECSClient: New Node added: server7
2021-02-23 22:23:28,374 INFO  [main] root: ECSClient: New Node added: server8
2021-02-23 22:23:42,730 INFO  [main] root: Add ECSNode server1:50000
2021-02-23 22:23:42,730 WARN  [main] root: No server exist yet. No data to transfer to node server1
2021-02-23 22:24:03,943 INFO  [main] root: ECSClient: New Node added: server1
2021-02-23 22:24:03,943 INFO  [main] root: ECSClient: New Node added: server2
2021-02-23 22:24:03,944 INFO  [main] root: ECSClient: New Node added: server3
2021-02-23 22:24:03,944 INFO  [main] root: ECSClient: New Node added: server4
2021-02-23 22:24:03,944 INFO  [main] root: ECSClient: New Node added: server5
2021-02-23 22:24:03,944 INFO  [main] root: ECSClient: New Node added: server6
2021-02-23 22:24:03,944 INFO  [main] root: ECSClient: New Node added: server7
2021-02-23 22:24:03,944 INFO  [main] root: ECSClient: New Node added: server8
2021-02-23 22:24:17,092 INFO  [main] root: Add ECSNode server1:50000
2021-02-23 22:24:17,093 WARN  [main] root: No server exist yet. No data to transfer to node server1
2021-02-23 22:44:10,507 INFO  [main] root: ECSClient: New Node added: server1
2021-02-23 22:44:10,507 INFO  [main] root: ECSClient: New Node added: server2
2021-02-23 22:44:10,508 INFO  [main] root: ECSClient: New Node added: server3
2021-02-23 22:44:10,508 INFO  [main] root: ECSClient: New Node added: server4
2021-02-23 22:44:10,508 INFO  [main] root: ECSClient: New Node added: server5
2021-02-23 22:44:10,508 INFO  [main] root: ECSClient: New Node added: server6
2021-02-23 22:44:10,508 INFO  [main] root: ECSClient: New Node added: server7
2021-02-23 22:44:10,508 INFO  [main] root: ECSClient: New Node added: server8
2021-02-23 22:44:27,013 INFO  [main] root: Add ECSNode server1:50000
2021-02-23 22:44:27,013 WARN  [main] root: No server exist yet. No data to transfer to node server1
2021-02-23 22:44:32,033 INFO  [main] root: Add ECSNode server1:50000
2021-02-23 22:50:15,078 INFO  [main] root: ECSClient: New Node added: server1
2021-02-23 22:50:15,079 INFO  [main] root: ECSClient: New Node added: server2
2021-02-23 22:50:15,079 INFO  [main] root: ECSClient: New Node added: server3
2021-02-23 22:50:15,079 INFO  [main] root: ECSClient: New Node added: server4
2021-02-23 22:50:15,079 INFO  [main] root: ECSClient: New Node added: server5
2021-02-23 22:50:15,080 INFO  [main] root: ECSClient: New Node added: server6
2021-02-23 22:50:15,080 INFO  [main] root: ECSClient: New Node added: server7
2021-02-23 22:50:15,080 INFO  [main] root: ECSClient: New Node added: server8
2021-02-23 22:50:37,636 INFO  [main] root: Add ECSNode server1:50000
2021-02-23 22:50:37,637 WARN  [main] root: No server exist yet. No data to transfer to node server1
2021-02-23 22:50:42,673 INFO  [main] root: Add ECSNode server1:50000
2021-02-23 22:52:26,061 INFO  [main] root: Add ECSNode server2:50001
2021-02-23 22:52:26,061 INFO  [main] root: next node found-------starting transfering data fromserver1 to server2
2021-02-23 22:52:41,155 INFO  [main] root: Add ECSNode server2:50001
2021-02-23 22:52:41,155 INFO  [main] root: Add ECSNode server1:50000
2021-02-23 23:10:18,732 INFO  [main] root: ECSClient: New Node added: server1
2021-02-23 23:10:18,733 INFO  [main] root: ECSClient: New Node added: server2
2021-02-23 23:10:18,733 INFO  [main] root: ECSClient: New Node added: server3
2021-02-23 23:10:18,733 INFO  [main] root: ECSClient: New Node added: server4
2021-02-23 23:10:18,733 INFO  [main] root: ECSClient: New Node added: server5
2021-02-23 23:10:18,734 INFO  [main] root: ECSClient: New Node added: server6
2021-02-23 23:10:18,734 INFO  [main] root: ECSClient: New Node added: server7
2021-02-23 23:10:18,734 INFO  [main] root: ECSClient: New Node added: server8
2021-02-23 23:10:43,611 INFO  [main] root: ECSClient: New Node added: server1
2021-02-23 23:10:43,612 INFO  [main] root: ECSClient: New Node added: server2
2021-02-23 23:10:43,612 INFO  [main] root: ECSClient: New Node added: server3
2021-02-23 23:10:43,612 INFO  [main] root: ECSClient: New Node added: server4
2021-02-23 23:10:43,613 INFO  [main] root: ECSClient: New Node added: server5
2021-02-23 23:10:43,613 INFO  [main] root: ECSClient: New Node added: server6
2021-02-23 23:10:43,613 INFO  [main] root: ECSClient: New Node added: server7
2021-02-23 23:10:43,613 INFO  [main] root: ECSClient: New Node added: server8
2021-02-23 23:11:22,027 INFO  [main] root: Add ECSNode server1:50000
2021-02-23 23:11:22,027 WARN  [main] root: No server exist yet. No data to transfer to node server1
2021-02-23 23:11:27,047 INFO  [main] root: Add ECSNode server1:50000
2021-02-23 23:12:14,306 INFO  [main] root: Add ECSNode server2:50001
2021-02-23 23:12:14,307 INFO  [main] root: next node found-------starting transfering data fromserver1 to server2
2021-02-23 23:12:29,404 INFO  [main] root: Add ECSNode server2:50001
2021-02-23 23:12:29,405 INFO  [main] root: Add ECSNode server1:50000
2021-02-23 23:17:34,286 INFO  [main] root: ECSClient: New Node added: server1
2021-02-23 23:17:34,286 INFO  [main] root: ECSClient: New Node added: server2
2021-02-23 23:17:34,287 INFO  [main] root: ECSClient: New Node added: server3
2021-02-23 23:17:34,287 INFO  [main] root: ECSClient: New Node added: server4
2021-02-23 23:17:34,287 INFO  [main] root: ECSClient: New Node added: server5
2021-02-23 23:17:34,287 INFO  [main] root: ECSClient: New Node added: server6
2021-02-23 23:17:34,287 INFO  [main] root: ECSClient: New Node added: server7
2021-02-23 23:17:34,287 INFO  [main] root: ECSClient: New Node added: server8
2021-02-23 23:18:32,027 INFO  [main] root: Add ECSNode server2:50001
2021-02-23 23:18:32,027 INFO  [main] root: Add ECSNode server1:50000
2021-02-23 23:18:32,029 ERROR [main] root: ECSClient: locateNode error
2021-02-23 23:18:32,029 WARN  [main] root: No server exist yet. No data to transfer to node server2
2021-02-23 23:18:32,030 ERROR [main] root: ECSClient: locateNode error
2021-02-23 23:18:32,030 WARN  [main] root: No server exist yet. No data to transfer to node server1
2021-02-23 23:18:37,066 INFO  [main] root: Add ECSNode server2:50001
2021-02-23 23:18:37,068 INFO  [main] root: Add ECSNode server1:50000
2021-02-23 23:18:37,069 INFO  [main] root: Add ECSNode server2:50001
2021-02-23 23:18:37,069 INFO  [main] root: Add ECSNode server1:50000
2021-02-23 23:19:03,954 INFO  [main] root: Add ECSNode server2:50001
2021-02-23 23:19:03,954 INFO  [main] root: Add ECSNode server1:50000
2021-02-23 23:19:03,955 INFO  [main] root: Add ECSNode server2:50001
2021-02-23 23:19:03,955 INFO  [main] root: Add ECSNode server1:50000
2021-02-23 23:19:41,064 INFO  [main] root: Add ECSNode server2:50001
2021-02-23 23:19:41,064 INFO  [main] root: Add ECSNode server1:50000
2021-02-23 23:19:41,065 INFO  [main] root: Add ECSNode server2:50001
2021-02-23 23:19:41,066 INFO  [main] root: Add ECSNode server1:50000
2021-02-23 23:20:14,679 INFO  [main] root: Add ECSNode server3:50002
2021-02-23 23:20:14,679 INFO  [main] root: next node found-------starting transfering data fromserver2 to server3
2021-02-23 23:20:29,793 INFO  [main] root: Add ECSNode server3:50002
2021-02-23 23:20:29,793 INFO  [main] root: Add ECSNode server2:50001
2021-02-23 23:20:29,794 INFO  [main] root: Add ECSNode server1:50000
2021-02-23 23:20:29,794 INFO  [main] root: Add ECSNode server3:50002
2021-02-23 23:20:29,795 INFO  [main] root: Add ECSNode server2:50001
2021-02-23 23:20:29,795 INFO  [main] root: Add ECSNode server1:50000
2021-02-23 23:25:14,364 INFO  [main] root: ECSClient: New Node added: server1
2021-02-23 23:25:14,365 INFO  [main] root: ECSClient: New Node added: server2
2021-02-23 23:25:14,365 INFO  [main] root: ECSClient: New Node added: server3
2021-02-23 23:25:14,365 INFO  [main] root: ECSClient: New Node added: server4
2021-02-23 23:25:14,366 INFO  [main] root: ECSClient: New Node added: server5
2021-02-23 23:25:14,366 INFO  [main] root: ECSClient: New Node added: server6
2021-02-23 23:25:14,366 INFO  [main] root: ECSClient: New Node added: server7
2021-02-23 23:25:14,366 INFO  [main] root: ECSClient: New Node added: server8
2021-02-23 23:25:26,045 INFO  [main] root: Add ECSNode server1:50000
2021-02-23 23:25:26,045 WARN  [main] root: No server exist yet. No data to transfer to node server1
2021-02-23 23:25:31,064 INFO  [main] root: Add ECSNode server1:50000
2021-02-23 23:25:31,065 INFO  [main] root: Add ECSNode server1:50000
2021-02-23 23:26:08,615 INFO  [main] root: Add ECSNode server2:50001
2021-02-23 23:26:08,615 INFO  [main] root: next node found-------starting transfering data fromserver1 to server2
2021-02-23 23:26:23,720 INFO  [main] root: Add ECSNode server2:50001
2021-02-23 23:26:23,721 INFO  [main] root: Add ECSNode server1:50000
2021-02-23 23:26:23,721 INFO  [main] root: Add ECSNode server2:50001
2021-02-23 23:26:23,722 INFO  [main] root: Add ECSNode server1:50000
2021-02-23 23:30:16,892 INFO  [main] root: ECSClient: New Node added: server1
2021-02-23 23:30:16,892 INFO  [main] root: ECSClient: New Node added: server2
2021-02-23 23:30:16,892 INFO  [main] root: ECSClient: New Node added: server3
2021-02-23 23:30:16,893 INFO  [main] root: ECSClient: New Node added: server4
2021-02-23 23:30:16,893 INFO  [main] root: ECSClient: New Node added: server5
2021-02-23 23:30:16,893 INFO  [main] root: ECSClient: New Node added: server6
2021-02-23 23:30:16,893 INFO  [main] root: ECSClient: New Node added: server7
2021-02-23 23:30:16,893 INFO  [main] root: ECSClient: New Node added: server8
2021-02-23 23:30:58,412 INFO  [main] root: Add ECSNode server1:50000
2021-02-23 23:30:58,413 WARN  [main] root: No server exist yet. No data to transfer to node server1
2021-02-23 23:31:03,434 INFO  [main] root: Add ECSNode server1:50000
2021-02-23 23:31:03,435 INFO  [main] root: Add ECSNode server1:50000
2021-02-23 23:31:22,934 INFO  [main] root: Add ECSNode server2:50001
2021-02-23 23:31:22,935 INFO  [main] root: next node found-------starting transfering data fromserver1 to server2
2021-02-23 23:33:51,325 INFO  [main] root: ECSClient: New Node added: server1
2021-02-23 23:33:51,326 INFO  [main] root: ECSClient: New Node added: server2
2021-02-23 23:33:51,326 INFO  [main] root: ECSClient: New Node added: server3
2021-02-23 23:33:51,326 INFO  [main] root: ECSClient: New Node added: server4
2021-02-23 23:33:51,327 INFO  [main] root: ECSClient: New Node added: server5
2021-02-23 23:33:51,327 INFO  [main] root: ECSClient: New Node added: server6
2021-02-23 23:33:51,327 INFO  [main] root: ECSClient: New Node added: server7
2021-02-23 23:33:51,327 INFO  [main] root: ECSClient: New Node added: server8
2021-02-23 23:34:06,294 INFO  [main] root: Add ECSNode server1:50000
2021-02-23 23:34:06,295 WARN  [main] root: No server exist yet. No data to transfer to node server1
2021-02-23 23:34:11,315 INFO  [main] root: Add ECSNode server1:50000
2021-02-23 23:34:11,315 INFO  [main] root: Add ECSNode server1:50000
2021-02-23 23:34:53,694 INFO  [main] root: Add ECSNode server2:50001
2021-02-23 23:34:53,695 INFO  [main] root: next node found-------starting transfering data fromserver1 to server2
2021-02-23 23:53:59,471 INFO  [main] root: ECSClient: New Node added: server1
2021-02-23 23:53:59,473 INFO  [main] root: ECSClient: New Node added: server2
2021-02-23 23:53:59,473 INFO  [main] root: ECSClient: New Node added: server3
2021-02-23 23:53:59,473 INFO  [main] root: ECSClient: New Node added: server4
2021-02-23 23:53:59,473 INFO  [main] root: ECSClient: New Node added: server5
2021-02-23 23:53:59,474 INFO  [main] root: ECSClient: New Node added: server6
2021-02-23 23:53:59,474 INFO  [main] root: ECSClient: New Node added: server7
2021-02-23 23:53:59,474 INFO  [main] root: ECSClient: New Node added: server8
2021-02-23 23:54:14,821 INFO  [main] root: Add ECSNode server1:50000
2021-02-23 23:54:14,822 WARN  [main] root: No server exist yet. No data to transfer to node server1
2021-02-23 23:54:19,842 INFO  [main] root: Add ECSNode server1:50000
2021-02-23 23:54:19,843 INFO  [main] root: Add ECSNode server1:50000
2021-02-23 23:54:43,817 INFO  [main] root: Add ECSNode server2:50001
2021-02-23 23:54:43,818 INFO  [main] root: next node found-------starting transfering data fromserver1 to server2
2021-02-23 23:54:58,913 INFO  [main] root: Add ECSNode server2:50001
2021-02-23 23:54:58,914 INFO  [main] root: Add ECSNode server1:50000
2021-02-23 23:54:58,914 INFO  [main] root: Add ECSNode server2:50001
2021-02-23 23:54:58,915 INFO  [main] root: Add ECSNode server1:50000
2021-02-24 00:01:15,532 INFO  [main] root: ECSClient: New Node added: server1
2021-02-24 00:01:15,533 INFO  [main] root: ECSClient: New Node added: server2
2021-02-24 00:01:15,533 INFO  [main] root: ECSClient: New Node added: server3
2021-02-24 00:01:15,533 INFO  [main] root: ECSClient: New Node added: server4
2021-02-24 00:01:15,533 INFO  [main] root: ECSClient: New Node added: server5
2021-02-24 00:01:15,534 INFO  [main] root: ECSClient: New Node added: server6
2021-02-24 00:01:15,534 INFO  [main] root: ECSClient: New Node added: server7
2021-02-24 00:01:15,534 INFO  [main] root: ECSClient: New Node added: server8
2021-02-24 00:01:27,167 INFO  [main] root: Add ECSNode server1:50000
2021-02-24 00:01:27,168 WARN  [main] root: No server exist yet. No data to transfer to node server1
2021-02-24 00:01:32,186 INFO  [main] root: Add ECSNode server1:50000
2021-02-24 00:01:32,186 INFO  [main] root: Add ECSNode server1:50000
2021-02-24 00:01:44,866 INFO  [main] root: Add ECSNode server2:50001
2021-02-24 00:01:44,867 INFO  [main] root: next node found-------starting transfering data fromserver1 to server2
2021-02-24 00:01:59,997 INFO  [main] root: Add ECSNode server2:50001
2021-02-24 00:01:59,997 INFO  [main] root: Add ECSNode server1:50000
2021-02-24 00:01:59,998 INFO  [main] root: Add ECSNode server2:50001
2021-02-24 00:01:59,998 INFO  [main] root: Add ECSNode server1:50000
2021-02-24 00:20:00,369 INFO  [main] root: ECSClient: New Node added: server1
2021-02-24 00:20:00,370 INFO  [main] root: ECSClient: New Node added: server2
2021-02-24 00:20:00,370 INFO  [main] root: ECSClient: New Node added: server3
2021-02-24 00:20:00,370 INFO  [main] root: ECSClient: New Node added: server4
2021-02-24 00:20:00,371 INFO  [main] root: ECSClient: New Node added: server5
2021-02-24 00:20:00,371 INFO  [main] root: ECSClient: New Node added: server6
2021-02-24 00:20:00,371 INFO  [main] root: ECSClient: New Node added: server7
2021-02-24 00:20:00,371 INFO  [main] root: ECSClient: New Node added: server8
2021-02-24 00:20:12,289 INFO  [main] root: Add ECSNode server1:50000
2021-02-24 00:20:12,289 WARN  [main] root: No server exist yet. No data to transfer to node server1
2021-02-24 00:20:17,309 INFO  [main] root: Add ECSNode server1:50000
2021-02-24 00:20:17,309 INFO  [main] root: Add ECSNode server1:50000
2021-02-24 00:20:46,335 INFO  [main] root: Add ECSNode server2:50001
2021-02-24 00:20:46,336 INFO  [main] root: next node found-------starting transfering data fromserver1 to server2
2021-02-24 00:21:01,441 INFO  [main] root: Add ECSNode server2:50001
2021-02-24 00:21:01,442 INFO  [main] root: Add ECSNode server1:50000
2021-02-24 00:21:01,442 INFO  [main] root: Add ECSNode server2:50001
2021-02-24 00:21:01,443 INFO  [main] root: Add ECSNode server1:50000
2021-02-24 00:36:14,418 INFO  [main] root: ECSClient: New Node added: server1
2021-02-24 00:36:14,419 INFO  [main] root: ECSClient: New Node added: server2
2021-02-24 00:36:14,419 INFO  [main] root: ECSClient: New Node added: server3
2021-02-24 00:36:14,419 INFO  [main] root: ECSClient: New Node added: server4
2021-02-24 00:36:14,419 INFO  [main] root: ECSClient: New Node added: server5
2021-02-24 00:36:14,419 INFO  [main] root: ECSClient: New Node added: server6
2021-02-24 00:36:14,420 INFO  [main] root: ECSClient: New Node added: server7
2021-02-24 00:36:14,420 INFO  [main] root: ECSClient: New Node added: server8
2021-02-24 00:37:11,655 INFO  [main] root: ECSClient: New Node added: server1
2021-02-24 00:37:11,656 INFO  [main] root: ECSClient: New Node added: server2
2021-02-24 00:37:11,656 INFO  [main] root: ECSClient: New Node added: server3
2021-02-24 00:37:11,656 INFO  [main] root: ECSClient: New Node added: server4
2021-02-24 00:37:11,656 INFO  [main] root: ECSClient: New Node added: server5
2021-02-24 00:37:11,657 INFO  [main] root: ECSClient: New Node added: server6
2021-02-24 00:37:11,657 INFO  [main] root: ECSClient: New Node added: server7
2021-02-24 00:37:11,657 INFO  [main] root: ECSClient: New Node added: server8
2021-02-24 00:37:22,147 INFO  [main] root: Add ECSNode server1:50000
2021-02-24 00:37:22,148 WARN  [main] root: No server exist yet. No data to transfer to node server1
2021-02-24 00:37:27,167 INFO  [main] root: Add ECSNode server1:50000
2021-02-24 00:37:27,167 INFO  [main] root: Add ECSNode server1:50000
2021-02-24 00:37:49,497 INFO  [main] root: Add ECSNode server2:50001
2021-02-24 00:37:49,497 INFO  [main] root: next node found-------starting transfering data fromserver1 to server2
2021-02-24 00:38:04,605 INFO  [main] root: Add ECSNode server2:50001
2021-02-24 00:38:04,605 INFO  [main] root: Add ECSNode server1:50000
2021-02-24 00:38:04,606 INFO  [main] root: Add ECSNode server2:50001
2021-02-24 00:38:04,606 INFO  [main] root: Add ECSNode server1:50000
2021-02-24 00:43:39,639 INFO  [main] root: ECSClient: New Node added: server1
2021-02-24 00:43:39,639 INFO  [main] root: ECSClient: New Node added: server2
2021-02-24 00:43:39,640 INFO  [main] root: ECSClient: New Node added: server3
2021-02-24 00:43:39,640 INFO  [main] root: ECSClient: New Node added: server4
2021-02-24 00:43:39,640 INFO  [main] root: ECSClient: New Node added: server5
2021-02-24 00:43:39,640 INFO  [main] root: ECSClient: New Node added: server6
2021-02-24 00:43:39,640 INFO  [main] root: ECSClient: New Node added: server7
2021-02-24 00:43:39,640 INFO  [main] root: ECSClient: New Node added: server8
2021-02-24 00:44:04,604 INFO  [main] root: Add ECSNode server2:50001
2021-02-24 00:44:04,604 INFO  [main] root: Add ECSNode server1:50000
2021-02-24 00:44:04,606 ERROR [main] root: ECSClient: locateNode error
2021-02-24 00:44:04,606 WARN  [main] root: No server exist yet. No data to transfer to node server2
2021-02-24 00:44:04,607 ERROR [main] root: ECSClient: locateNode error
2021-02-24 00:44:04,607 WARN  [main] root: No server exist yet. No data to transfer to node server1
2021-02-24 00:44:09,638 INFO  [main] root: Add ECSNode server2:50001
2021-02-24 00:44:09,638 INFO  [main] root: Add ECSNode server1:50000
2021-02-24 00:44:09,639 INFO  [main] root: Add ECSNode server2:50001
2021-02-24 00:44:09,639 INFO  [main] root: Add ECSNode server1:50000
2021-02-24 00:44:33,632 INFO  [main] root: Add ECSNode server2:50001
2021-02-24 00:44:33,633 INFO  [main] root: Add ECSNode server1:50000
2021-02-24 00:44:33,633 INFO  [main] root: Add ECSNode server2:50001
2021-02-24 00:44:33,634 INFO  [main] root: Add ECSNode server1:50000
2021-02-24 08:33:44,904 INFO  [main] root: ECSClient: New Node added: server1
2021-02-24 08:33:44,904 INFO  [main] root: ECSClient: New Node added: server2
2021-02-24 08:33:44,904 INFO  [main] root: ECSClient: New Node added: server3
2021-02-24 08:33:44,905 INFO  [main] root: ECSClient: New Node added: server4
2021-02-24 08:33:44,905 INFO  [main] root: ECSClient: New Node added: server5
2021-02-24 08:33:44,905 INFO  [main] root: ECSClient: New Node added: server6
2021-02-24 08:33:44,905 INFO  [main] root: ECSClient: New Node added: server7
2021-02-24 08:33:44,905 INFO  [main] root: ECSClient: New Node added: server8
2021-02-24 08:34:23,800 INFO  [main] root: Add ECSNode server2:50001
2021-02-24 08:34:23,800 INFO  [main] root: Add ECSNode server1:50000
2021-02-24 08:34:23,801 ERROR [main] root: ECSClient: locateNode error
2021-02-24 08:34:23,801 WARN  [main] root: No server exist yet. No data to transfer to node server2
2021-02-24 08:34:23,802 ERROR [main] root: ECSClient: locateNode error
2021-02-24 08:34:23,802 WARN  [main] root: No server exist yet. No data to transfer to node server1
2021-02-24 08:34:28,831 INFO  [main] root: Add ECSNode server2:50001
2021-02-24 08:34:28,831 INFO  [main] root: Add ECSNode server1:50000
2021-02-24 08:34:28,832 INFO  [main] root: Add ECSNode server2:50001
2021-02-24 08:34:28,832 INFO  [main] root: Add ECSNode server1:50000
2021-02-24 08:40:49,618 INFO  [main] root: Add ECSNode server3:50002
2021-02-24 08:40:49,619 INFO  [main] root: next node found-------starting transfering data fromserver2 to server3
2021-02-24 08:41:04,707 INFO  [main] root: Add ECSNode server3:50002
2021-02-24 08:41:04,707 INFO  [main] root: Add ECSNode server2:50001
2021-02-24 08:41:04,707 INFO  [main] root: Add ECSNode server1:50000
2021-02-24 08:41:04,708 INFO  [main] root: Add ECSNode server3:50002
2021-02-24 08:41:04,708 INFO  [main] root: Add ECSNode server2:50001
2021-02-24 08:41:04,708 INFO  [main] root: Add ECSNode server1:50000
2021-02-24 11:20:42,944 INFO  [main] root: ECSClient: New Node added: server1
2021-02-24 11:20:42,946 INFO  [main] root: ECSClient: New Node added: server2
2021-02-24 11:20:42,946 INFO  [main] root: ECSClient: New Node added: server3
2021-02-24 11:20:42,947 INFO  [main] root: ECSClient: New Node added: server4
2021-02-24 11:20:42,947 INFO  [main] root: ECSClient: New Node added: server5
2021-02-24 11:20:42,947 INFO  [main] root: ECSClient: New Node added: server6
2021-02-24 11:20:42,947 INFO  [main] root: ECSClient: New Node added: server7
2021-02-24 11:20:42,948 INFO  [main] root: ECSClient: New Node added: server8
2021-02-24 11:21:03,724 INFO  [main] root: Add ECSNode server1:50000
2021-02-24 11:21:03,725 WARN  [main] root: No server exist yet. No data to transfer to node server1
2021-02-24 11:21:36,710 INFO  [main] root: Add ECSNode server2:50001
2021-02-24 11:21:36,711 INFO  [main] root: next node found-------starting transfering data fromserver1 to server2
2021-02-24 11:29:06,101 INFO  [main] root: ECSClient: New Node added: server1
2021-02-24 11:29:06,102 INFO  [main] root: ECSClient: New Node added: server2
2021-02-24 11:29:06,102 INFO  [main] root: ECSClient: New Node added: server3
2021-02-24 11:29:06,103 INFO  [main] root: ECSClient: New Node added: server4
2021-02-24 11:29:06,103 INFO  [main] root: ECSClient: New Node added: server5
2021-02-24 11:29:06,103 INFO  [main] root: ECSClient: New Node added: server6
2021-02-24 11:29:06,103 INFO  [main] root: ECSClient: New Node added: server7
2021-02-24 11:29:06,103 INFO  [main] root: ECSClient: New Node added: server8
2021-02-24 11:29:24,806 INFO  [main] root: Add ECSNode server1:50000
2021-02-24 11:29:24,806 WARN  [main] root: No server exist yet. No data to transfer to node server1
2021-02-24 11:29:59,419 INFO  [main] root: Add ECSNode server2:50001
2021-02-24 11:29:59,419 INFO  [main] root: next node found-------starting transfering data fromserver1 to server2
2021-02-24 11:34:47,677 INFO  [main] root: ECSClient: New Node added: server1
2021-02-24 11:34:47,678 INFO  [main] root: ECSClient: New Node added: server2
2021-02-24 11:34:47,678 INFO  [main] root: ECSClient: New Node added: server3
2021-02-24 11:34:47,678 INFO  [main] root: ECSClient: New Node added: server4
2021-02-24 11:34:47,678 INFO  [main] root: ECSClient: New Node added: server5
2021-02-24 11:34:47,679 INFO  [main] root: ECSClient: New Node added: server6
2021-02-24 11:34:47,679 INFO  [main] root: ECSClient: New Node added: server7
2021-02-24 11:34:47,679 INFO  [main] root: ECSClient: New Node added: server8
2021-02-24 11:35:08,798 INFO  [main] root: Add ECSNode server1:50000
2021-02-24 11:35:08,798 WARN  [main] root: No server exist yet. No data to transfer to node server1
2021-02-24 11:35:31,391 INFO  [main] root: Add ECSNode server2:50001
2021-02-24 11:35:31,392 INFO  [main] root: next node found-------starting transfering data fromserver1 to server2
2021-02-24 11:38:16,796 INFO  [main] root: ECSClient: New Node added: server1
2021-02-24 11:38:16,797 INFO  [main] root: ECSClient: New Node added: server2
2021-02-24 11:38:16,797 INFO  [main] root: ECSClient: New Node added: server3
2021-02-24 11:38:16,797 INFO  [main] root: ECSClient: New Node added: server4
2021-02-24 11:38:16,797 INFO  [main] root: ECSClient: New Node added: server5
2021-02-24 11:38:16,797 INFO  [main] root: ECSClient: New Node added: server6
2021-02-24 11:38:16,798 INFO  [main] root: ECSClient: New Node added: server7
2021-02-24 11:38:16,798 INFO  [main] root: ECSClient: New Node added: server8
2021-02-24 11:39:01,317 INFO  [main] root: Add ECSNode server3:50002
2021-02-24 11:39:01,317 INFO  [main] root: Add ECSNode server2:50001
2021-02-24 11:39:01,318 INFO  [main] root: Add ECSNode server1:50000
2021-02-24 11:39:01,320 ERROR [main] root: ECSClient: locateNode error
2021-02-24 11:39:01,320 WARN  [main] root: No server exist yet. No data to transfer to node server3
2021-02-24 11:39:01,321 ERROR [main] root: ECSClient: locateNode error
2021-02-24 11:39:01,321 WARN  [main] root: No server exist yet. No data to transfer to node server2
2021-02-24 11:39:01,322 ERROR [main] root: ECSClient: locateNode error
2021-02-24 11:39:01,322 WARN  [main] root: No server exist yet. No data to transfer to node server1
2021-02-24 11:41:26,460 INFO  [main] root: next node found-------starting transfering data fromserver3 to server2
2021-02-24 11:41:26,547 INFO  [main] root: Remove ECSNode server3:50002
2021-02-24 11:47:01,718 INFO  [main] root: ECSClient: New Node added: server1
2021-02-24 11:47:01,718 INFO  [main] root: ECSClient: New Node added: server2
2021-02-24 11:47:01,718 INFO  [main] root: ECSClient: New Node added: server3
2021-02-24 11:47:01,719 INFO  [main] root: ECSClient: New Node added: server4
2021-02-24 11:47:01,719 INFO  [main] root: ECSClient: New Node added: server5
2021-02-24 11:47:01,719 INFO  [main] root: ECSClient: New Node added: server6
2021-02-24 11:47:01,719 INFO  [main] root: ECSClient: New Node added: server7
2021-02-24 11:47:01,720 INFO  [main] root: ECSClient: New Node added: server8
2021-02-24 11:47:57,918 INFO  [main] root: Add ECSNode server3:50002
2021-02-24 11:47:57,919 INFO  [main] root: Add ECSNode server2:50001
2021-02-24 11:47:57,919 INFO  [main] root: Add ECSNode server1:50000
2021-02-24 11:47:57,921 ERROR [main] root: ECSClient: locateNode error
2021-02-24 11:47:57,921 WARN  [main] root: No server exist yet. No data to transfer to node server3
2021-02-24 11:47:57,922 ERROR [main] root: ECSClient: locateNode error
2021-02-24 11:47:57,922 WARN  [main] root: No server exist yet. No data to transfer to node server2
2021-02-24 11:47:57,922 ERROR [main] root: ECSClient: locateNode error
2021-02-24 11:47:57,922 WARN  [main] root: No server exist yet. No data to transfer to node server1
2021-02-24 11:48:30,630 INFO  [main] root: next node found-------starting transfering data fromserver1 to server3
2021-02-24 11:48:30,779 INFO  [main] root: Remove ECSNode server1:50000
2021-02-24 12:02:18,565 INFO  [main] root: ECSClient: New Node added: server1
2021-02-24 12:02:18,566 INFO  [main] root: ECSClient: New Node added: server2
2021-02-24 12:02:18,566 INFO  [main] root: ECSClient: New Node added: server3
2021-02-24 12:02:18,566 INFO  [main] root: ECSClient: New Node added: server4
2021-02-24 12:02:18,566 INFO  [main] root: ECSClient: New Node added: server5
2021-02-24 12:02:18,566 INFO  [main] root: ECSClient: New Node added: server6
2021-02-24 12:02:18,567 INFO  [main] root: ECSClient: New Node added: server7
2021-02-24 12:02:18,567 INFO  [main] root: ECSClient: New Node added: server8
2021-02-24 12:03:58,944 INFO  [main] root: ECSClient: New Node added: server1
2021-02-24 12:03:58,944 INFO  [main] root: ECSClient: New Node added: server2
2021-02-24 12:03:58,944 INFO  [main] root: ECSClient: New Node added: server3
2021-02-24 12:03:58,945 INFO  [main] root: ECSClient: New Node added: server4
2021-02-24 12:03:58,945 INFO  [main] root: ECSClient: New Node added: server5
2021-02-24 12:03:58,945 INFO  [main] root: ECSClient: New Node added: server6
2021-02-24 12:03:58,945 INFO  [main] root: ECSClient: New Node added: server7
2021-02-24 12:03:58,945 INFO  [main] root: ECSClient: New Node added: server8
2021-02-24 12:05:40,585 INFO  [main] root: Add ECSNode server3:50002
2021-02-24 12:05:40,586 INFO  [main] root: Add ECSNode server2:50001
2021-02-24 12:05:40,587 ERROR [main] root: ECSClient: locateNode error
2021-02-24 12:05:40,587 WARN  [main] root: No server exist yet. No data to transfer to node server3
2021-02-24 12:05:40,588 ERROR [main] root: ECSClient: locateNode error
2021-02-24 12:05:40,588 WARN  [main] root: No server exist yet. No data to transfer to node server2
2021-02-24 12:05:52,845 INFO  [main] root: next node found-------starting transfering data fromserver3 to server2
2021-02-24 12:05:52,986 INFO  [main] root: Remove ECSNode server3:50002
2021-02-24 12:17:12,466 INFO  [main] root: ECSClient: New Node added: server1
2021-02-24 12:17:12,467 INFO  [main] root: ECSClient: New Node added: server2
2021-02-24 12:17:12,467 INFO  [main] root: ECSClient: New Node added: server3
2021-02-24 12:17:12,467 INFO  [main] root: ECSClient: New Node added: server4
2021-02-24 12:17:12,468 INFO  [main] root: ECSClient: New Node added: server5
2021-02-24 12:17:12,468 INFO  [main] root: ECSClient: New Node added: server6
2021-02-24 12:17:12,468 INFO  [main] root: ECSClient: New Node added: server7
2021-02-24 12:17:12,468 INFO  [main] root: ECSClient: New Node added: server8
2021-02-24 12:19:06,131 INFO  [main] root: ECSClient: New Node added: server1
2021-02-24 12:19:06,131 INFO  [main] root: ECSClient: New Node added: server2
2021-02-24 12:19:06,131 INFO  [main] root: ECSClient: New Node added: server3
2021-02-24 12:19:06,132 INFO  [main] root: ECSClient: New Node added: server4
2021-02-24 12:19:06,132 INFO  [main] root: ECSClient: New Node added: server5
2021-02-24 12:19:06,132 INFO  [main] root: ECSClient: New Node added: server6
2021-02-24 12:19:06,132 INFO  [main] root: ECSClient: New Node added: server7
2021-02-24 12:19:06,132 INFO  [main] root: ECSClient: New Node added: server8
2021-02-24 12:19:34,507 INFO  [main] root: Add ECSNode server3:50002
2021-02-24 12:19:34,508 INFO  [main] root: Add ECSNode server2:50001
2021-02-24 12:19:34,508 INFO  [main] root: Add ECSNode server1:50000
2021-02-24 12:19:34,510 ERROR [main] root: ECSClient: locateNode error
2021-02-24 12:19:34,510 WARN  [main] root: No server exist yet. No data to transfer to node server3
2021-02-24 12:19:34,511 ERROR [main] root: ECSClient: locateNode error
2021-02-24 12:19:34,511 WARN  [main] root: No server exist yet. No data to transfer to node server2
2021-02-24 12:19:34,512 ERROR [main] root: ECSClient: locateNode error
2021-02-24 12:19:34,512 WARN  [main] root: No server exist yet. No data to transfer to node server1
2021-02-24 12:20:13,866 INFO  [main] root: next node found-------starting transfering data fromserver1 to server3
2021-02-24 12:20:14,038 INFO  [main] root: Remove ECSNode server1:50000
2021-02-24 13:24:30,480 INFO  [main] root: ECSClient: New Node added: server1
2021-02-24 13:24:30,481 INFO  [main] root: ECSClient: New Node added: server2
2021-02-24 13:24:30,481 INFO  [main] root: ECSClient: New Node added: server3
2021-02-24 13:24:30,481 INFO  [main] root: ECSClient: New Node added: server4
2021-02-24 13:24:30,482 INFO  [main] root: ECSClient: New Node added: server5
2021-02-24 13:24:30,482 INFO  [main] root: ECSClient: New Node added: server6
2021-02-24 13:24:30,482 INFO  [main] root: ECSClient: New Node added: server7
2021-02-24 13:24:30,482 INFO  [main] root: ECSClient: New Node added: server8
2021-02-24 13:24:58,513 INFO  [main] root: Add ECSNode server3:50002
2021-02-24 13:24:58,513 INFO  [main] root: Add ECSNode server2:50001
2021-02-24 13:24:58,513 INFO  [main] root: Add ECSNode server1:50000
2021-02-24 13:24:58,515 ERROR [main] root: ECSClient: locateNode error
2021-02-24 13:24:58,515 WARN  [main] root: No server exist yet. No data to transfer to node server3
2021-02-24 13:24:58,516 ERROR [main] root: ECSClient: locateNode error
2021-02-24 13:24:58,516 WARN  [main] root: No server exist yet. No data to transfer to node server2
2021-02-24 13:24:58,517 ERROR [main] root: ECSClient: locateNode error
2021-02-24 13:24:58,517 WARN  [main] root: No server exist yet. No data to transfer to node server1
2021-02-24 13:25:33,934 INFO  [main] root: next node found-------starting transfering data fromserver1 to server3
2021-02-24 13:25:39,076 INFO  [main] root: Remove ECSNode server1:50000
2021-02-24 20:52:30,117 INFO  [main] root: ECSClient: New Node added: server1
2021-02-24 20:52:30,118 INFO  [main] root: ECSClient: New Node added: server2
2021-02-24 20:52:30,118 INFO  [main] root: ECSClient: New Node added: server3
2021-02-24 20:52:30,118 INFO  [main] root: ECSClient: New Node added: server4
2021-02-24 20:52:30,119 INFO  [main] root: ECSClient: New Node added: server5
2021-02-24 20:52:30,119 INFO  [main] root: ECSClient: New Node added: server6
2021-02-24 20:52:30,119 INFO  [main] root: ECSClient: New Node added: server7
2021-02-24 20:52:30,119 INFO  [main] root: ECSClient: New Node added: server8
2021-02-24 20:52:41,689 INFO  [main] root: Add ECSNode server1:50000
2021-02-24 20:52:46,730 WARN  [main] root: No server exist yet. No data to transfer to node server1
2021-02-24 20:53:25,332 INFO  [main] root: Add ECSNode server2:50001
2021-02-24 20:53:30,382 INFO  [main] root: next node found-------starting transfering data fromserver1 to server2
2021-02-24 20:56:13,877 INFO  [main] root: ECSClient: New Node added: server1
2021-02-24 20:56:13,878 INFO  [main] root: ECSClient: New Node added: server2
2021-02-24 20:56:13,878 INFO  [main] root: ECSClient: New Node added: server3
2021-02-24 20:56:13,879 INFO  [main] root: ECSClient: New Node added: server4
2021-02-24 20:56:13,879 INFO  [main] root: ECSClient: New Node added: server5
2021-02-24 20:56:13,879 INFO  [main] root: ECSClient: New Node added: server6
2021-02-24 20:56:13,879 INFO  [main] root: ECSClient: New Node added: server7
2021-02-24 20:56:13,879 INFO  [main] root: ECSClient: New Node added: server8
2021-02-24 20:56:29,369 INFO  [main] root: Add ECSNode server1:50000
2021-02-24 20:56:34,414 WARN  [main] root: No server exist yet. No data to transfer to node server1
2021-02-24 20:56:57,001 INFO  [main] root: Add ECSNode server2:50001
2021-02-24 20:57:02,027 INFO  [main] root: next node found-------starting transfering data fromserver1 to server2
2021-02-24 20:59:45,700 INFO  [main] root: Add ECSNode server3:50002
2021-02-24 20:59:50,721 INFO  [main] root: next node found-------starting transfering data fromserver2 to server3
2021-02-24 23:49:25,139 INFO  [main] root: ECSClient: New Node added: server1
2021-02-24 23:49:25,141 INFO  [main] root: ECSClient: New Node added: server2
2021-02-24 23:49:25,141 INFO  [main] root: ECSClient: New Node added: server3
2021-02-24 23:49:25,141 INFO  [main] root: ECSClient: New Node added: server4
2021-02-24 23:49:25,141 INFO  [main] root: ECSClient: New Node added: server5
2021-02-24 23:49:25,142 INFO  [main] root: ECSClient: New Node added: server6
2021-02-24 23:49:25,142 INFO  [main] root: ECSClient: New Node added: server7
2021-02-24 23:49:25,142 INFO  [main] root: ECSClient: New Node added: server8
2021-02-24 23:50:25,658 INFO  [main] root: Add ECSNode server1:50000
2021-02-24 23:50:30,717 WARN  [main] root: No server exist yet. No data to transfer to node server1
2021-02-24 23:51:09,051 INFO  [main] root: Add ECSNode server2:50001
2021-02-24 23:51:14,065 INFO  [main] root: next node found-------starting transfering data fromserver1 to server2
2021-02-24 23:53:41,238 INFO  [main] root: ECSClient: New Node added: server1
2021-02-24 23:53:41,239 INFO  [main] root: ECSClient: New Node added: server2
2021-02-24 23:53:41,239 INFO  [main] root: ECSClient: New Node added: server3
2021-02-24 23:53:41,240 INFO  [main] root: ECSClient: New Node added: server4
2021-02-24 23:53:41,240 INFO  [main] root: ECSClient: New Node added: server5
2021-02-24 23:53:41,240 INFO  [main] root: ECSClient: New Node added: server6
2021-02-24 23:53:41,240 INFO  [main] root: ECSClient: New Node added: server7
2021-02-24 23:53:41,241 INFO  [main] root: ECSClient: New Node added: server8
2021-02-24 23:53:58,559 INFO  [main] root: Add ECSNode server1:50000
2021-02-24 23:54:03,607 WARN  [main] root: No server exist yet. No data to transfer to node server1
2021-02-24 23:54:22,655 INFO  [main] root: Add ECSNode server2:50001
2021-02-24 23:54:27,712 INFO  [main] root: next node found-------starting transfering data fromserver1 to server2
2021-02-24 23:59:19,443 INFO  [main] root: ECSClient: New Node added: server1
2021-02-24 23:59:19,444 INFO  [main] root: ECSClient: New Node added: server2
2021-02-24 23:59:19,444 INFO  [main] root: ECSClient: New Node added: server3
2021-02-24 23:59:19,445 INFO  [main] root: ECSClient: New Node added: server4
2021-02-24 23:59:19,445 INFO  [main] root: ECSClient: New Node added: server5
2021-02-24 23:59:19,445 INFO  [main] root: ECSClient: New Node added: server6
2021-02-24 23:59:19,446 INFO  [main] root: ECSClient: New Node added: server7
2021-02-24 23:59:19,446 INFO  [main] root: ECSClient: New Node added: server8
2021-02-24 23:59:39,683 INFO  [main] root: Add ECSNode server1:50000
2021-02-24 23:59:44,701 WARN  [main] root: No server exist yet. No data to transfer to node server1
2021-02-24 23:59:56,690 INFO  [main] root: Add ECSNode server2:50001
2021-02-25 00:00:01,736 INFO  [main] root: next node found-------starting transfering data fromserver1 to server2
2021-02-25 00:09:29,041 INFO  [main] root: ECSClient: New Node added: server1
2021-02-25 00:09:29,042 INFO  [main] root: ECSClient: New Node added: server2
2021-02-25 00:09:29,042 INFO  [main] root: ECSClient: New Node added: server3
2021-02-25 00:09:29,043 INFO  [main] root: ECSClient: New Node added: server4
2021-02-25 00:09:29,043 INFO  [main] root: ECSClient: New Node added: server5
2021-02-25 00:09:29,043 INFO  [main] root: ECSClient: New Node added: server6
2021-02-25 00:09:29,043 INFO  [main] root: ECSClient: New Node added: server7
2021-02-25 00:09:29,044 INFO  [main] root: ECSClient: New Node added: server8
2021-02-25 00:09:40,292 INFO  [main] root: Add ECSNode server1:50000
2021-02-25 00:09:45,321 WARN  [main] root: No server exist yet. No data to transfer to node server1
2021-02-25 00:10:33,259 INFO  [main] root: Add ECSNode server2:50001
2021-02-25 00:10:38,301 INFO  [main] root: next node found-------starting transfering data fromserver1 to server2
