Start Server
------------------------In KVServer distributed constructor, Server Name: server2
SLF4J: Failed to load class "org.slf4j.impl.StaticLoggerBinder".
SLF4J: Defaulting to no-operation (NOP) logger implementation
SLF4J: See http://www.slf4j.org/codes.html#StaticLoggerBinder for further details.
2021-02-25 00:10:26,559 INFO  [main] root: Server: <server2>: server zNode exist, get cache data and set server cache
2021-02-25 00:10:26,560 INFO  [main] root: zooKeeper connection established ...
!!!!!!!!!!!!!!!Get Hash Ring Info Success!!!!!!!!!!!!!!!!!!!
!!!!!!!!!!!!!!!  Hash Ring updated, hashring is: [{"name":"server1","host":"127.0.0.1","port":50000}]
2021-02-25 00:10:26,591 DEBUG [main] root: Server: <server2>: Set up watcher on /ZNode/server2
!!!!!!!!!!!!!!!!!!Path: /Users/hongxu/Documents/ECE419/ECE419-2021Winter-Project/ECE419-2021/src/resources/
2021-02-25 00:10:26,593 INFO  [main] root: StoreDisk: Initiate the persistent storage for DataDisk_server2
StoreDisk: Initiate the persistent storage for DataDisk_server2
2021-02-25 00:10:26,597 INFO  [main] root: StoreDisk: File already existed
Cache strategy: None
Cache Size: 2
Initialize None Cache
Initialize server
2021-02-25 00:10:26,601 INFO  [Thread-0] root: <Server> Initialize server ...
Server listening on port: 50001
2021-02-25 00:10:26,605 INFO  [Thread-0] root: <Server> Server listening on port: 50001
Event Type:NodeDataChanged
Event Status:SyncConnected
Event ZNode path:/MD
 
 !!!!!!!! In KVServer Process, Type is RECEIVE
Server ZNode path is: /ZNode/server2/KVAdminMessage
 
 !!!!!!!! RECEIVE RECEIVE RECEIVE !!!!!
2021-02-25 00:10:48,499 INFO  [main-EventThread] root: Server: <server2>: receiving data initialization....
Receiver Data 1
Initialize receiver server----------------------------------------
2021-02-25 00:10:48,499 INFO  [main-EventThread] root: <Receiver Server> Initialize server ...
Receiver Server listening on port: 49352493524935249352
2021-02-25 00:10:48,499 INFO  [main-EventThread] root: <Receiver Server> Server listening on port: 49352
Initialize receiver server DONE!!!!!!!!!!!!!!!!!!!!!!!!----------------------------------------
---------------------------------------I am receiving on port: 50001
Receiver Data 1.1
Receiver Data 1.2
Receiver Data 1.3
