2021-02-15 11:15:10,357 [myid:] - INFO  [main:QuorumPeerConfig@174] - Reading configuration from: /Users/hongxu/Desktop/apache-zookeeper-3.6.2-bin/bin/../conf/zoo.cfg
2021-02-15 11:15:10,372 [myid:] - INFO  [main:QuorumPeerConfig@460] - clientPortAddress is 0.0.0.0:2181
2021-02-15 11:15:10,372 [myid:] - INFO  [main:QuorumPeerConfig@464] - secureClientPort is not set
2021-02-15 11:15:10,372 [myid:] - INFO  [main:QuorumPeerConfig@480] - observerMasterPort is not set
2021-02-15 11:15:10,372 [myid:] - INFO  [main:QuorumPeerConfig@497] - metricsProvider.className is org.apache.zookeeper.metrics.impl.DefaultMetricsProvider
2021-02-15 11:15:10,375 [myid:] - INFO  [main:DatadirCleanupManager@78] - autopurge.snapRetainCount set to 3
2021-02-15 11:15:10,375 [myid:] - INFO  [main:DatadirCleanupManager@79] - autopurge.purgeInterval set to 0
2021-02-15 11:15:10,375 [myid:] - INFO  [main:DatadirCleanupManager@101] - Purge task is not scheduled.
2021-02-15 11:15:10,376 [myid:] - WARN  [main:QuorumPeerMain@138] - Either no config or no quorum defined in config, running in standalone mode
2021-02-15 11:15:10,379 [myid:] - INFO  [main:ManagedUtil@44] - Log4j 1.2 jmx support found and enabled.
2021-02-15 11:15:10,386 [myid:] - INFO  [main:QuorumPeerConfig@174] - Reading configuration from: /Users/hongxu/Desktop/apache-zookeeper-3.6.2-bin/bin/../conf/zoo.cfg
2021-02-15 11:15:10,386 [myid:] - INFO  [main:QuorumPeerConfig@460] - clientPortAddress is 0.0.0.0:2181
2021-02-15 11:15:10,386 [myid:] - INFO  [main:QuorumPeerConfig@464] - secureClientPort is not set
2021-02-15 11:15:10,386 [myid:] - INFO  [main:QuorumPeerConfig@480] - observerMasterPort is not set
2021-02-15 11:15:10,386 [myid:] - INFO  [main:QuorumPeerConfig@497] - metricsProvider.className is org.apache.zookeeper.metrics.impl.DefaultMetricsProvider
2021-02-15 11:15:10,387 [myid:] - INFO  [main:ZooKeeperServerMain@122] - Starting server
2021-02-15 11:15:10,402 [myid:] - INFO  [main:ServerMetrics@62] - ServerMetrics initialized with provider org.apache.zookeeper.metrics.impl.DefaultMetricsProvider@6591f517
2021-02-15 11:15:10,406 [myid:] - INFO  [main:FileTxnSnapLog@124] - zookeeper.snapshot.trust.empty : false
2021-02-15 11:15:10,415 [myid:] - INFO  [main:ZookeeperBanner@42] - 
2021-02-15 11:15:10,415 [myid:] - INFO  [main:ZookeeperBanner@42] -   ______                  _                                          
2021-02-15 11:15:10,415 [myid:] - INFO  [main:ZookeeperBanner@42] -  |___  /                 | |                                         
2021-02-15 11:15:10,415 [myid:] - INFO  [main:ZookeeperBanner@42] -     / /    ___     ___   | | __   ___    ___   _ __     ___   _ __   
2021-02-15 11:15:10,415 [myid:] - INFO  [main:ZookeeperBanner@42] -    / /    / _ \   / _ \  | |/ /  / _ \  / _ \ | '_ \   / _ \ | '__|
2021-02-15 11:15:10,415 [myid:] - INFO  [main:ZookeeperBanner@42] -   / /__  | (_) | | (_) | |   <  |  __/ |  __/ | |_) | |  __/ | |    
2021-02-15 11:15:10,416 [myid:] - INFO  [main:ZookeeperBanner@42] -  /_____|  \___/   \___/  |_|\_\  \___|  \___| | .__/   \___| |_|
2021-02-15 11:15:10,416 [myid:] - INFO  [main:ZookeeperBanner@42] -                                               | |                     
2021-02-15 11:15:10,416 [myid:] - INFO  [main:ZookeeperBanner@42] -                                               |_|                     
2021-02-15 11:15:10,416 [myid:] - INFO  [main:ZookeeperBanner@42] - 
2021-02-15 11:15:10,419 [myid:] - INFO  [main:Environment@98] - Server environment:zookeeper.version=3.6.2--803c7f1a12f85978cb049af5e4ef23bd8b688715, built on 09/04/2020 12:44 GMT
2021-02-15 11:15:10,419 [myid:] - INFO  [main:Environment@98] - Server environment:host.name=localhost
2021-02-15 11:15:10,419 [myid:] - INFO  [main:Environment@98] - Server environment:java.version=15.0.1
2021-02-15 11:15:10,419 [myid:] - INFO  [main:Environment@98] - Server environment:java.vendor=Oracle Corporation
2021-02-15 11:15:10,419 [myid:] - INFO  [main:Environment@98] - Server environment:java.home=/Users/hongxu/Library/Java/JavaVirtualMachines/openjdk-15.0.1-1/Contents/Home
2021-02-15 11:15:10,419 [myid:] - INFO  [main:Environment@98] - Server environment:java.class.path=/Users/hongxu/Desktop/apache-zookeeper-3.6.2-bin/bin/../zookeeper-server/target/classes:/Users/hongxu/Desktop/apache-zookeeper-3.6.2-bin/bin/../build/classes:/Users/hongxu/Desktop/apache-zookeeper-3.6.2-bin/bin/../zookeeper-server/target/lib/*.jar:/Users/hongxu/Desktop/apache-zookeeper-3.6.2-bin/bin/../build/lib/*.jar:/Users/hongxu/Desktop/apache-zookeeper-3.6.2-bin/bin/../lib/zookeeper-prometheus-metrics-3.6.2.jar:/Users/hongxu/Desktop/apache-zookeeper-3.6.2-bin/bin/../lib/zookeeper-jute-3.6.2.jar:/Users/hongxu/Desktop/apache-zookeeper-3.6.2-bin/bin/../lib/zookeeper-3.6.2.jar:/Users/hongxu/Desktop/apache-zookeeper-3.6.2-bin/bin/../lib/snappy-java-1.1.7.jar:/Users/hongxu/Desktop/apache-zookeeper-3.6.2-bin/bin/../lib/slf4j-log4j12-1.7.25.jar:/Users/hongxu/Desktop/apache-zookeeper-3.6.2-bin/bin/../lib/slf4j-api-1.7.25.jar:/Users/hongxu/Desktop/apache-zookeeper-3.6.2-bin/bin/../lib/simpleclient_servlet-0.6.0.jar:/Users/hongxu/Desktop/apache-zookeeper-3.6.2-bin/bin/../lib/simpleclient_hotspot-0.6.0.jar:/Users/hongxu/Desktop/apache-zookeeper-3.6.2-bin/bin/../lib/simpleclient_common-0.6.0.jar:/Users/hongxu/Desktop/apache-zookeeper-3.6.2-bin/bin/../lib/simpleclient-0.6.0.jar:/Users/hongxu/Desktop/apache-zookeeper-3.6.2-bin/bin/../lib/netty-transport-native-unix-common-4.1.50.Final.jar:/Users/hongxu/Desktop/apache-zookeeper-3.6.2-bin/bin/../lib/netty-transport-native-epoll-4.1.50.Final.jar:/Users/hongxu/Desktop/apache-zookeeper-3.6.2-bin/bin/../lib/netty-transport-4.1.50.Final.jar:/Users/hongxu/Desktop/apache-zookeeper-3.6.2-bin/bin/../lib/netty-resolver-4.1.50.Final.jar:/Users/hongxu/Desktop/apache-zookeeper-3.6.2-bin/bin/../lib/netty-handler-4.1.50.Final.jar:/Users/hongxu/Desktop/apache-zookeeper-3.6.2-bin/bin/../lib/netty-common-4.1.50.Final.jar:/Users/hongxu/Desktop/apache-zookeeper-3.6.2-bin/bin/../lib/netty-codec-4.1.50.Final.jar:/Users/hongxu/Desktop/apache-zookeeper-3.6.2-bin/bin/../lib/netty-buffer-4.1.50.Final.jar:/Users/hongxu/Desktop/apache-zookeeper-3.6.2-bin/bin/../lib/metrics-core-3.2.5.jar:/Users/hongxu/Desktop/apache-zookeeper-3.6.2-bin/bin/../lib/log4j-1.2.17.jar:/Users/hongxu/Desktop/apache-zookeeper-3.6.2-bin/bin/../lib/json-simple-1.1.1.jar:/Users/hongxu/Desktop/apache-zookeeper-3.6.2-bin/bin/../lib/jline-2.14.6.jar:/Users/hongxu/Desktop/apache-zookeeper-3.6.2-bin/bin/../lib/jetty-util-9.4.24.v20191120.jar:/Users/hongxu/Desktop/apache-zookeeper-3.6.2-bin/bin/../lib/jetty-servlet-9.4.24.v20191120.jar:/Users/hongxu/Desktop/apache-zookeeper-3.6.2-bin/bin/../lib/jetty-server-9.4.24.v20191120.jar:/Users/hongxu/Desktop/apache-zookeeper-3.6.2-bin/bin/../lib/jetty-security-9.4.24.v20191120.jar:/Users/hongxu/Desktop/apache-zookeeper-3.6.2-bin/bin/../lib/jetty-io-9.4.24.v20191120.jar:/Users/hongxu/Desktop/apache-zookeeper-3.6.2-bin/bin/../lib/jetty-http-9.4.24.v20191120.jar:/Users/hongxu/Desktop/apache-zookeeper-3.6.2-bin/bin/../lib/javax.servlet-api-3.1.0.jar:/Users/hongxu/Desktop/apache-zookeeper-3.6.2-bin/bin/../lib/jackson-databind-2.10.3.jar:/Users/hongxu/Desktop/apache-zookeeper-3.6.2-bin/bin/../lib/jackson-core-2.10.3.jar:/Users/hongxu/Desktop/apache-zookeeper-3.6.2-bin/bin/../lib/jackson-annotations-2.10.3.jar:/Users/hongxu/Desktop/apache-zookeeper-3.6.2-bin/bin/../lib/commons-lang-2.6.jar:/Users/hongxu/Desktop/apache-zookeeper-3.6.2-bin/bin/../lib/commons-cli-1.2.jar:/Users/hongxu/Desktop/apache-zookeeper-3.6.2-bin/bin/../lib/audience-annotations-0.5.0.jar:/Users/hongxu/Desktop/apache-zookeeper-3.6.2-bin/bin/../zookeeper-*.jar:/Users/hongxu/Desktop/apache-zookeeper-3.6.2-bin/bin/../zookeeper-server/src/main/resources/lib/*.jar:/Users/hongxu/Desktop/apache-zookeeper-3.6.2-bin/bin/../conf:
2021-02-15 11:15:10,419 [myid:] - INFO  [main:Environment@98] - Server environment:java.library.path=/Users/hongxu/Library/Java/Extensions:/Library/Java/Extensions:/Network/Library/Java/Extensions:/System/Library/Java/Extensions:/usr/lib/java:.
2021-02-15 11:15:10,419 [myid:] - INFO  [main:Environment@98] - Server environment:java.io.tmpdir=/var/folders/wr/j8hxgww56_l20d4jjspjgm980000gn/T/
2021-02-15 11:15:10,419 [myid:] - INFO  [main:Environment@98] - Server environment:java.compiler=<NA>
2021-02-15 11:15:10,419 [myid:] - INFO  [main:Environment@98] - Server environment:os.name=Mac OS X
2021-02-15 11:15:10,419 [myid:] - INFO  [main:Environment@98] - Server environment:os.arch=x86_64
2021-02-15 11:15:10,420 [myid:] - INFO  [main:Environment@98] - Server environment:os.version=10.15.7
2021-02-15 11:15:10,420 [myid:] - INFO  [main:Environment@98] - Server environment:user.name=hongxu
2021-02-15 11:15:10,420 [myid:] - INFO  [main:Environment@98] - Server environment:user.home=/Users/hongxu
2021-02-15 11:15:10,420 [myid:] - INFO  [main:Environment@98] - Server environment:user.dir=/Users/hongxu/Desktop/apache-zookeeper-3.6.2-bin
2021-02-15 11:15:10,420 [myid:] - INFO  [main:Environment@98] - Server environment:os.memory.free=244MB
2021-02-15 11:15:10,420 [myid:] - INFO  [main:Environment@98] - Server environment:os.memory.max=1000MB
2021-02-15 11:15:10,420 [myid:] - INFO  [main:Environment@98] - Server environment:os.memory.total=258MB
2021-02-15 11:15:10,420 [myid:] - INFO  [main:ZooKeeperServer@129] - zookeeper.enableEagerACLCheck = false
2021-02-15 11:15:10,420 [myid:] - INFO  [main:ZooKeeperServer@137] - zookeeper.digest.enabled = true
2021-02-15 11:15:10,420 [myid:] - INFO  [main:ZooKeeperServer@141] - zookeeper.closeSessionTxn.enabled = true
2021-02-15 11:15:10,420 [myid:] - INFO  [main:ZooKeeperServer@1444] - zookeeper.flushDelay=0
2021-02-15 11:15:10,421 [myid:] - INFO  [main:ZooKeeperServer@1453] - zookeeper.maxWriteQueuePollTime=0
2021-02-15 11:15:10,421 [myid:] - INFO  [main:ZooKeeperServer@1462] - zookeeper.maxBatchSize=1000
2021-02-15 11:15:10,421 [myid:] - INFO  [main:ZooKeeperServer@243] - zookeeper.intBufferStartingSizeBytes = 1024
2021-02-15 11:15:10,422 [myid:] - INFO  [main:BlueThrottle@141] - Weighed connection throttling is disabled
2021-02-15 11:15:10,423 [myid:] - INFO  [main:ZooKeeperServer@1256] - minSessionTimeout set to 4000
2021-02-15 11:15:10,423 [myid:] - INFO  [main:ZooKeeperServer@1265] - maxSessionTimeout set to 40000
2021-02-15 11:15:10,424 [myid:] - INFO  [main:ResponseCache@45] - Response cache size is initialized with value 400.
2021-02-15 11:15:10,425 [myid:] - INFO  [main:ResponseCache@45] - Response cache size is initialized with value 400.
2021-02-15 11:15:10,425 [myid:] - INFO  [main:RequestPathMetricsCollector@111] - zookeeper.pathStats.slotCapacity = 60
2021-02-15 11:15:10,426 [myid:] - INFO  [main:RequestPathMetricsCollector@112] - zookeeper.pathStats.slotDuration = 15
2021-02-15 11:15:10,426 [myid:] - INFO  [main:RequestPathMetricsCollector@113] - zookeeper.pathStats.maxDepth = 6
2021-02-15 11:15:10,426 [myid:] - INFO  [main:RequestPathMetricsCollector@114] - zookeeper.pathStats.initialDelay = 5
2021-02-15 11:15:10,426 [myid:] - INFO  [main:RequestPathMetricsCollector@115] - zookeeper.pathStats.delay = 5
2021-02-15 11:15:10,426 [myid:] - INFO  [main:RequestPathMetricsCollector@116] - zookeeper.pathStats.enabled = false
2021-02-15 11:15:10,428 [myid:] - INFO  [main:ZooKeeperServer@1481] - The max bytes for all large requests are set to 104857600
2021-02-15 11:15:10,428 [myid:] - INFO  [main:ZooKeeperServer@1495] - The large request threshold is set to -1
2021-02-15 11:15:10,428 [myid:] - INFO  [main:ZooKeeperServer@339] - Created server with tickTime 2000 minSessionTimeout 4000 maxSessionTimeout 40000 clientPortListenBacklog -1 datadir /tmp/zookeeper/version-2 snapdir /tmp/zookeeper/version-2
2021-02-15 11:15:10,456 [myid:] - INFO  [main:Log@169] - Logging initialized @450ms to org.eclipse.jetty.util.log.Slf4jLog
2021-02-15 11:15:10,534 [myid:] - WARN  [main:ContextHandler@1520] - o.e.j.s.ServletContextHandler@3349e9bb{/,null,UNAVAILABLE} contextPath ends with /*
2021-02-15 11:15:10,535 [myid:] - WARN  [main:ContextHandler@1531] - Empty contextPath
2021-02-15 11:15:10,552 [myid:] - INFO  [main:Server@359] - jetty-9.4.24.v20191120; built: 2019-11-20T21:37:49.771Z; git: 363d5f2df3a8a28de40604320230664b9c793c16; jvm 15.0.1+9-18
2021-02-15 11:15:10,581 [myid:] - INFO  [main:DefaultSessionIdManager@333] - DefaultSessionIdManager workerName=node0
2021-02-15 11:15:10,581 [myid:] - INFO  [main:DefaultSessionIdManager@338] - No SessionScavenger set, using defaults
2021-02-15 11:15:10,583 [myid:] - INFO  [main:HouseKeeper@140] - node0 Scavenging every 660000ms
2021-02-15 11:15:10,585 [myid:] - WARN  [main:ConstraintSecurityHandler@757] - ServletContext@o.e.j.s.ServletContextHandler@3349e9bb{/,null,STARTING} has uncovered http methods for path: /*
2021-02-15 11:15:10,591 [myid:] - INFO  [main:ContextHandler@825] - Started o.e.j.s.ServletContextHandler@3349e9bb{/,null,AVAILABLE}
2021-02-15 11:15:10,602 [myid:] - INFO  [main:AbstractConnector@330] - Started ServerConnector@61df66b6{HTTP/1.1,[http/1.1]}{0.0.0.0:8080}
2021-02-15 11:15:10,603 [myid:] - INFO  [main:Server@399] - Started @597ms
2021-02-15 11:15:10,603 [myid:] - INFO  [main:JettyAdminServer@182] - Started AdminServer on address 0.0.0.0, port 8080 and command URL /commands
2021-02-15 11:15:10,608 [myid:] - INFO  [main:ServerCnxnFactory@169] - Using org.apache.zookeeper.server.NIOServerCnxnFactory as server connection factory
2021-02-15 11:15:10,609 [myid:] - WARN  [main:ServerCnxnFactory@309] - maxCnxns is not configured, using default value 0.
2021-02-15 11:15:10,610 [myid:] - INFO  [main:NIOServerCnxnFactory@666] - Configuring NIO connection handler with 10s sessionless connection timeout, 2 selector thread(s), 24 worker threads, and 64 kB direct buffers.
2021-02-15 11:15:10,612 [myid:] - INFO  [main:NIOServerCnxnFactory@674] - binding to port 0.0.0.0/0.0.0.0:2181
2021-02-15 11:15:10,632 [myid:] - INFO  [main:WatchManagerFactory@42] - Using org.apache.zookeeper.server.watch.WatchManager as watch manager
2021-02-15 11:15:10,632 [myid:] - INFO  [main:WatchManagerFactory@42] - Using org.apache.zookeeper.server.watch.WatchManager as watch manager
2021-02-15 11:15:10,632 [myid:] - INFO  [main:ZKDatabase@132] - zookeeper.snapshotSizeFactor = 0.33
2021-02-15 11:15:10,632 [myid:] - INFO  [main:ZKDatabase@152] - zookeeper.commitLogCount=500
2021-02-15 11:15:10,636 [myid:] - INFO  [main:SnapStream@61] - zookeeper.snapshot.compression.method = CHECKED
2021-02-15 11:15:10,637 [myid:] - INFO  [main:FileSnap@85] - Reading snapshot /tmp/zookeeper/version-2/snapshot.0
2021-02-15 11:15:10,641 [myid:] - INFO  [main:DataTree@1737] - The digest value is empty in snapshot
2021-02-15 11:15:10,669 [myid:] - INFO  [main:FileTxnSnapLog@363] - 149 txns loaded in 23 ms
2021-02-15 11:15:10,669 [myid:] - INFO  [main:ZKDatabase@289] - Snapshot loaded in 37 ms, highest zxid is 0x95, digest is 24436769246
2021-02-15 11:15:10,669 [myid:] - INFO  [main:FileTxnSnapLog@470] - Snapshotting: 0x95 to /tmp/zookeeper/version-2/snapshot.95
2021-02-15 11:15:10,671 [myid:] - INFO  [main:ZooKeeperServer@529] - Snapshot taken in 2 ms
2021-02-15 11:15:10,681 [myid:] - INFO  [ProcessThread(sid:0 cport:2181)::PrepRequestProcessor@136] - PrepRequestProcessor (sid:0) started, reconfigEnabled=false
2021-02-15 11:15:10,681 [myid:] - INFO  [main:RequestThrottler@74] - zookeeper.request_throttler.shutdownTimeout = 10000
2021-02-15 11:15:10,695 [myid:] - INFO  [main:ContainerManager@83] - Using checkIntervalMs=60000 maxPerMinute=10000 maxNeverUsedIntervalMs=0
2021-02-15 11:15:10,696 [myid:] - INFO  [main:ZKAuditProvider@42] - ZooKeeper audit is disabled.
2021-02-15 11:15:22,274 [myid:] - INFO  [SyncThread:0:FileTxnLog@284] - Creating new log file: log.96
2021-02-15 11:15:24,331 [myid:] - WARN  [NIOWorkerThread-9:NIOServerCnxn@364] - Unexpected exception
EndOfStreamException: Unable to read additional data from client, it probably closed the socket: address = /127.0.0.1:63897, session = 0x100254068c90008
	at org.apache.zookeeper.server.NIOServerCnxn.handleFailedRead(NIOServerCnxn.java:163)
	at org.apache.zookeeper.server.NIOServerCnxn.doIO(NIOServerCnxn.java:326)
	at org.apache.zookeeper.server.NIOServerCnxnFactory$IOWorkRequest.doWork(NIOServerCnxnFactory.java:522)
	at org.apache.zookeeper.server.WorkerService$ScheduledWorkRequest.run(WorkerService.java:154)
	at java.base/java.util.concurrent.ThreadPoolExecutor.runWorker(ThreadPoolExecutor.java:1130)
	at java.base/java.util.concurrent.ThreadPoolExecutor$Worker.run(ThreadPoolExecutor.java:630)
	at java.base/java.lang.Thread.run(Thread.java:832)
2021-02-15 11:15:24,331 [myid:] - WARN  [NIOWorkerThread-2:NIOServerCnxn@364] - Unexpected exception
EndOfStreamException: Unable to read additional data from client, it probably closed the socket: address = /127.0.0.1:63890, session = 0x100254068c90003
	at org.apache.zookeeper.server.NIOServerCnxn.handleFailedRead(NIOServerCnxn.java:163)
	at org.apache.zookeeper.server.NIOServerCnxn.doIO(NIOServerCnxn.java:326)
	at org.apache.zookeeper.server.NIOServerCnxnFactory$IOWorkRequest.doWork(NIOServerCnxnFactory.java:522)
	at org.apache.zookeeper.server.WorkerService$ScheduledWorkRequest.run(WorkerService.java:154)
	at java.base/java.util.concurrent.ThreadPoolExecutor.runWorker(ThreadPoolExecutor.java:1130)
	at java.base/java.util.concurrent.ThreadPoolExecutor$Worker.run(ThreadPoolExecutor.java:630)
	at java.base/java.lang.Thread.run(Thread.java:832)
2021-02-15 11:15:24,331 [myid:] - WARN  [NIOWorkerThread-11:NIOServerCnxn@364] - Unexpected exception
EndOfStreamException: Unable to read additional data from client, it probably closed the socket: address = /127.0.0.1:63887, session = 0x100254068c90000
	at org.apache.zookeeper.server.NIOServerCnxn.handleFailedRead(NIOServerCnxn.java:163)
	at org.apache.zookeeper.server.NIOServerCnxn.doIO(NIOServerCnxn.java:326)
	at org.apache.zookeeper.server.NIOServerCnxnFactory$IOWorkRequest.doWork(NIOServerCnxnFactory.java:522)
	at org.apache.zookeeper.server.WorkerService$ScheduledWorkRequest.run(WorkerService.java:154)
	at java.base/java.util.concurrent.ThreadPoolExecutor.runWorker(ThreadPoolExecutor.java:1130)
	at java.base/java.util.concurrent.ThreadPoolExecutor$Worker.run(ThreadPoolExecutor.java:630)
	at java.base/java.lang.Thread.run(Thread.java:832)
2021-02-15 11:15:24,331 [myid:] - WARN  [NIOWorkerThread-6:NIOServerCnxn@364] - Unexpected exception
EndOfStreamException: Unable to read additional data from client, it probably closed the socket: address = /127.0.0.1:63888, session = 0x100254068c90001
	at org.apache.zookeeper.server.NIOServerCnxn.handleFailedRead(NIOServerCnxn.java:163)
	at org.apache.zookeeper.server.NIOServerCnxn.doIO(NIOServerCnxn.java:326)
	at org.apache.zookeeper.server.NIOServerCnxnFactory$IOWorkRequest.doWork(NIOServerCnxnFactory.java:522)
	at org.apache.zookeeper.server.WorkerService$ScheduledWorkRequest.run(WorkerService.java:154)
	at java.base/java.util.concurrent.ThreadPoolExecutor.runWorker(ThreadPoolExecutor.java:1130)
	at java.base/java.util.concurrent.ThreadPoolExecutor$Worker.run(ThreadPoolExecutor.java:630)
	at java.base/java.lang.Thread.run(Thread.java:832)
2021-02-15 11:15:24,331 [myid:] - WARN  [NIOWorkerThread-4:NIOServerCnxn@364] - Unexpected exception
EndOfStreamException: Unable to read additional data from client, it probably closed the socket: address = /127.0.0.1:63898, session = 0x100254068c90009
	at org.apache.zookeeper.server.NIOServerCnxn.handleFailedRead(NIOServerCnxn.java:163)
	at org.apache.zookeeper.server.NIOServerCnxn.doIO(NIOServerCnxn.java:326)
	at org.apache.zookeeper.server.NIOServerCnxnFactory$IOWorkRequest.doWork(NIOServerCnxnFactory.java:522)
	at org.apache.zookeeper.server.WorkerService$ScheduledWorkRequest.run(WorkerService.java:154)
	at java.base/java.util.concurrent.ThreadPoolExecutor.runWorker(ThreadPoolExecutor.java:1130)
	at java.base/java.util.concurrent.ThreadPoolExecutor$Worker.run(ThreadPoolExecutor.java:630)
	at java.base/java.lang.Thread.run(Thread.java:832)
2021-02-15 11:15:24,331 [myid:] - WARN  [NIOWorkerThread-19:NIOServerCnxn@364] - Unexpected exception
EndOfStreamException: Unable to read additional data from client, it probably closed the socket: address = /127.0.0.1:63910, session = 0x100254068c9000b
	at org.apache.zookeeper.server.NIOServerCnxn.handleFailedRead(NIOServerCnxn.java:163)
	at org.apache.zookeeper.server.NIOServerCnxn.doIO(NIOServerCnxn.java:326)
	at org.apache.zookeeper.server.NIOServerCnxnFactory$IOWorkRequest.doWork(NIOServerCnxnFactory.java:522)
	at org.apache.zookeeper.server.WorkerService$ScheduledWorkRequest.run(WorkerService.java:154)
	at java.base/java.util.concurrent.ThreadPoolExecutor.runWorker(ThreadPoolExecutor.java:1130)
	at java.base/java.util.concurrent.ThreadPoolExecutor$Worker.run(ThreadPoolExecutor.java:630)
	at java.base/java.lang.Thread.run(Thread.java:832)
2021-02-15 11:15:24,331 [myid:] - WARN  [NIOWorkerThread-7:NIOServerCnxn@364] - Unexpected exception
EndOfStreamException: Unable to read additional data from client, it probably closed the socket: address = /127.0.0.1:63891, session = 0x100254068c90004
	at org.apache.zookeeper.server.NIOServerCnxn.handleFailedRead(NIOServerCnxn.java:163)
	at org.apache.zookeeper.server.NIOServerCnxn.doIO(NIOServerCnxn.java:326)
	at org.apache.zookeeper.server.NIOServerCnxnFactory$IOWorkRequest.doWork(NIOServerCnxnFactory.java:522)
	at org.apache.zookeeper.server.WorkerService$ScheduledWorkRequest.run(WorkerService.java:154)
	at java.base/java.util.concurrent.ThreadPoolExecutor.runWorker(ThreadPoolExecutor.java:1130)
	at java.base/java.util.concurrent.ThreadPoolExecutor$Worker.run(ThreadPoolExecutor.java:630)
	at java.base/java.lang.Thread.run(Thread.java:832)
2021-02-15 11:15:24,331 [myid:] - WARN  [NIOWorkerThread-5:NIOServerCnxn@364] - Unexpected exception
EndOfStreamException: Unable to read additional data from client, it probably closed the socket: address = /127.0.0.1:63911, session = 0x100254068c9000c
	at org.apache.zookeeper.server.NIOServerCnxn.handleFailedRead(NIOServerCnxn.java:163)
	at org.apache.zookeeper.server.NIOServerCnxn.doIO(NIOServerCnxn.java:326)
	at org.apache.zookeeper.server.NIOServerCnxnFactory$IOWorkRequest.doWork(NIOServerCnxnFactory.java:522)
	at org.apache.zookeeper.server.WorkerService$ScheduledWorkRequest.run(WorkerService.java:154)
	at java.base/java.util.concurrent.ThreadPoolExecutor.runWorker(ThreadPoolExecutor.java:1130)
	at java.base/java.util.concurrent.ThreadPoolExecutor$Worker.run(ThreadPoolExecutor.java:630)
	at java.base/java.lang.Thread.run(Thread.java:832)
2021-02-15 11:15:24,331 [myid:] - WARN  [NIOWorkerThread-24:NIOServerCnxn@364] - Unexpected exception
EndOfStreamException: Unable to read additional data from client, it probably closed the socket: address = /127.0.0.1:63895, session = 0x100254068c90006
	at org.apache.zookeeper.server.NIOServerCnxn.handleFailedRead(NIOServerCnxn.java:163)
	at org.apache.zookeeper.server.NIOServerCnxn.doIO(NIOServerCnxn.java:326)
	at org.apache.zookeeper.server.NIOServerCnxnFactory$IOWorkRequest.doWork(NIOServerCnxnFactory.java:522)
	at org.apache.zookeeper.server.WorkerService$ScheduledWorkRequest.run(WorkerService.java:154)
	at java.base/java.util.concurrent.ThreadPoolExecutor.runWorker(ThreadPoolExecutor.java:1130)
	at java.base/java.util.concurrent.ThreadPoolExecutor$Worker.run(ThreadPoolExecutor.java:630)
	at java.base/java.lang.Thread.run(Thread.java:832)
2021-02-15 11:15:24,331 [myid:] - WARN  [NIOWorkerThread-8:NIOServerCnxn@364] - Unexpected exception
EndOfStreamException: Unable to read additional data from client, it probably closed the socket: address = /127.0.0.1:63889, session = 0x100254068c90002
	at org.apache.zookeeper.server.NIOServerCnxn.handleFailedRead(NIOServerCnxn.java:163)
	at org.apache.zookeeper.server.NIOServerCnxn.doIO(NIOServerCnxn.java:326)
	at org.apache.zookeeper.server.NIOServerCnxnFactory$IOWorkRequest.doWork(NIOServerCnxnFactory.java:522)
	at org.apache.zookeeper.server.WorkerService$ScheduledWorkRequest.run(WorkerService.java:154)
	at java.base/java.util.concurrent.ThreadPoolExecutor.runWorker(ThreadPoolExecutor.java:1130)
	at java.base/java.util.concurrent.ThreadPoolExecutor$Worker.run(ThreadPoolExecutor.java:630)
	at java.base/java.lang.Thread.run(Thread.java:832)
2021-02-15 11:15:24,331 [myid:] - WARN  [NIOWorkerThread-23:NIOServerCnxn@364] - Unexpected exception
EndOfStreamException: Unable to read additional data from client, it probably closed the socket: address = /127.0.0.1:63896, session = 0x100254068c90007
	at org.apache.zookeeper.server.NIOServerCnxn.handleFailedRead(NIOServerCnxn.java:163)
	at org.apache.zookeeper.server.NIOServerCnxn.doIO(NIOServerCnxn.java:326)
	at org.apache.zookeeper.server.NIOServerCnxnFactory$IOWorkRequest.doWork(NIOServerCnxnFactory.java:522)
	at org.apache.zookeeper.server.WorkerService$ScheduledWorkRequest.run(WorkerService.java:154)
	at java.base/java.util.concurrent.ThreadPoolExecutor.runWorker(ThreadPoolExecutor.java:1130)
	at java.base/java.util.concurrent.ThreadPoolExecutor$Worker.run(ThreadPoolExecutor.java:630)
	at java.base/java.lang.Thread.run(Thread.java:832)
2021-02-15 11:15:24,331 [myid:] - WARN  [NIOWorkerThread-1:NIOServerCnxn@364] - Unexpected exception
EndOfStreamException: Unable to read additional data from client, it probably closed the socket: address = /127.0.0.1:63894, session = 0x100254068c90005
	at org.apache.zookeeper.server.NIOServerCnxn.handleFailedRead(NIOServerCnxn.java:163)
	at org.apache.zookeeper.server.NIOServerCnxn.doIO(NIOServerCnxn.java:326)
	at org.apache.zookeeper.server.NIOServerCnxnFactory$IOWorkRequest.doWork(NIOServerCnxnFactory.java:522)
	at org.apache.zookeeper.server.WorkerService$ScheduledWorkRequest.run(WorkerService.java:154)
	at java.base/java.util.concurrent.ThreadPoolExecutor.runWorker(ThreadPoolExecutor.java:1130)
	at java.base/java.util.concurrent.ThreadPoolExecutor$Worker.run(ThreadPoolExecutor.java:630)
	at java.base/java.lang.Thread.run(Thread.java:832)
2021-02-15 11:15:24,331 [myid:] - WARN  [NIOWorkerThread-22:NIOServerCnxn@364] - Unexpected exception
EndOfStreamException: Unable to read additional data from client, it probably closed the socket: address = /127.0.0.1:63899, session = 0x100254068c9000a
	at org.apache.zookeeper.server.NIOServerCnxn.handleFailedRead(NIOServerCnxn.java:163)
	at org.apache.zookeeper.server.NIOServerCnxn.doIO(NIOServerCnxn.java:326)
	at org.apache.zookeeper.server.NIOServerCnxnFactory$IOWorkRequest.doWork(NIOServerCnxnFactory.java:522)
	at org.apache.zookeeper.server.WorkerService$ScheduledWorkRequest.run(WorkerService.java:154)
	at java.base/java.util.concurrent.ThreadPoolExecutor.runWorker(ThreadPoolExecutor.java:1130)
	at java.base/java.util.concurrent.ThreadPoolExecutor$Worker.run(ThreadPoolExecutor.java:630)
	at java.base/java.lang.Thread.run(Thread.java:832)
2021-02-15 11:15:28,556 [myid:] - INFO  [SessionTracker:ZooKeeperServer@610] - Expiring session 0x100254068c90002, timeout of 5000ms exceeded
2021-02-15 11:15:28,556 [myid:] - INFO  [SessionTracker:ZooKeeperServer@610] - Expiring session 0x100254068c90004, timeout of 5000ms exceeded
2021-02-15 11:15:28,557 [myid:] - INFO  [SessionTracker:ZooKeeperServer@610] - Expiring session 0x100254068c90000, timeout of 5000ms exceeded
2021-02-15 11:15:28,557 [myid:] - INFO  [SessionTracker:ZooKeeperServer@610] - Expiring session 0x100254068c90001, timeout of 5000ms exceeded
2021-02-15 11:15:28,557 [myid:] - INFO  [SessionTracker:ZooKeeperServer@610] - Expiring session 0x100254068c90003, timeout of 5000ms exceeded
2021-02-15 11:15:30,556 [myid:] - INFO  [SessionTracker:ZooKeeperServer@610] - Expiring session 0x100254068c90008, timeout of 5000ms exceeded
2021-02-15 11:15:30,556 [myid:] - INFO  [SessionTracker:ZooKeeperServer@610] - Expiring session 0x100254068c90007, timeout of 5000ms exceeded
2021-02-15 11:15:30,556 [myid:] - INFO  [SessionTracker:ZooKeeperServer@610] - Expiring session 0x100254068c9000a, timeout of 5000ms exceeded
2021-02-15 11:15:30,556 [myid:] - INFO  [SessionTracker:ZooKeeperServer@610] - Expiring session 0x100254068c90005, timeout of 5000ms exceeded
2021-02-15 11:15:30,556 [myid:] - INFO  [SessionTracker:ZooKeeperServer@610] - Expiring session 0x100254068c9000c, timeout of 5000ms exceeded
2021-02-15 11:15:30,556 [myid:] - INFO  [SessionTracker:ZooKeeperServer@610] - Expiring session 0x100254068c90009, timeout of 5000ms exceeded
2021-02-15 11:15:30,556 [myid:] - INFO  [SessionTracker:ZooKeeperServer@610] - Expiring session 0x100254068c9000b, timeout of 5000ms exceeded
2021-02-15 11:15:30,557 [myid:] - INFO  [SessionTracker:ZooKeeperServer@610] - Expiring session 0x100254068c90006, timeout of 5000ms exceeded
